{"/home/travis/build/npmtest/node-npmtest-bower-check-updates/test.js":{"path":"/home/travis/build/npmtest/node-npmtest-bower-check-updates/test.js","s":{"1":2,"2":2,"3":2,"4":2,"5":2,"6":2,"7":2,"8":1,"9":2,"10":2,"11":1,"12":1,"13":1,"14":1,"15":2,"16":2,"17":2,"18":2,"19":1,"20":1,"21":2,"22":2,"23":2,"24":1,"25":1,"26":1,"27":1,"28":1,"29":1,"30":1,"31":1,"32":1,"33":1,"34":1,"35":1,"36":1,"37":1,"38":1,"39":2,"40":2,"41":1,"42":2,"43":2,"44":1,"45":2,"46":2,"47":1,"48":2,"49":2,"50":1,"51":1,"52":1,"53":1,"54":1},"b":{"1":[2,1,1,1],"2":[1,1,1,1],"3":[1,1],"4":[1,1],"5":[1,1],"6":[1,1],"7":[1,1],"8":[1,1],"9":[1,1],"10":[1,1,1],"11":[1,1],"12":[1,1],"13":[1,1],"14":[1,1],"15":[1,1],"16":[1,1],"17":[1,1]},"f":{"1":2,"2":2,"3":2,"4":2,"5":2,"6":1,"7":1,"8":1,"9":2,"10":2,"11":2,"12":2,"13":1},"fnMap":{"1":{"name":"(anonymous_1)","line":12,"loc":{"start":{"line":12,"column":1},"end":{"line":12,"column":13}}},"2":{"name":"(anonymous_2)","line":19,"loc":{"start":{"line":19,"column":5},"end":{"line":19,"column":17}}},"3":{"name":"(anonymous_3)","line":23,"loc":{"start":{"line":23,"column":24},"end":{"line":23,"column":36}}},"4":{"name":"(anonymous_4)","line":61,"loc":{"start":{"line":61,"column":5},"end":{"line":61,"column":17}}},"5":{"name":"(anonymous_5)","line":82,"loc":{"start":{"line":82,"column":5},"end":{"line":82,"column":17}}},"6":{"name":"(anonymous_6)","line":91,"loc":{"start":{"line":91,"column":77},"end":{"line":94,"column":10}}},"7":{"name":"(anonymous_7)","line":112,"loc":{"start":{"line":112,"column":83},"end":{"line":115,"column":10}},"skip":true},"8":{"name":"(anonymous_8)","line":123,"loc":{"start":{"line":123,"column":77},"end":{"line":126,"column":10}},"skip":true},"9":{"name":"(anonymous_9)","line":139,"loc":{"start":{"line":139,"column":12},"end":{"line":139,"column":40}},"skip":true},"10":{"name":"(anonymous_10)","line":147,"loc":{"start":{"line":147,"column":77},"end":{"line":150,"column":10}},"skip":true},"11":{"name":"(anonymous_11)","line":158,"loc":{"start":{"line":158,"column":83},"end":{"line":161,"column":10}},"skip":true},"12":{"name":"(anonymous_12)","line":169,"loc":{"start":{"line":169,"column":79},"end":{"line":172,"column":10}},"skip":true},"13":{"name":"(anonymous_13)","line":180,"loc":{"start":{"line":180,"column":75},"end":{"line":183,"column":10}},"skip":true}},"statementMap":{"1":{"start":{"line":12,"column":0},"end":{"line":195,"column":5}},"2":{"start":{"line":14,"column":4},"end":{"line":14,"column":14}},"3":{"start":{"line":19,"column":4},"end":{"line":56,"column":9}},"4":{"start":{"line":21,"column":8},"end":{"line":21,"column":19}},"5":{"start":{"line":23,"column":8},"end":{"line":35,"column":13}},"6":{"start":{"line":24,"column":12},"end":{"line":34,"column":13}},"7":{"start":{"line":25,"column":16},"end":{"line":28,"column":30}},"8":{"start":{"line":30,"column":16},"end":{"line":33,"column":27}},"9":{"start":{"line":37,"column":8},"end":{"line":39,"column":21}},"10":{"start":{"line":40,"column":8},"end":{"line":53,"column":9}},"11":{"start":{"line":43,"column":12},"end":{"line":46,"column":14}},"12":{"start":{"line":47,"column":12},"end":{"line":47,"column":18}},"13":{"start":{"line":50,"column":12},"end":{"line":51,"column":46}},"14":{"start":{"line":52,"column":12},"end":{"line":52,"column":18}},"15":{"start":{"line":55,"column":8},"end":{"line":55,"column":35}},"16":{"start":{"line":61,"column":4},"end":{"line":63,"column":9}},"17":{"start":{"line":62,"column":8},"end":{"line":62,"column":15}},"18":{"start":{"line":64,"column":4},"end":{"line":77,"column":5}},"19":{"start":{"line":70,"column":8},"end":{"line":70,"column":14}},"20":{"start":{"line":76,"column":8},"end":{"line":76,"column":14}},"21":{"start":{"line":82,"column":4},"end":{"line":84,"column":9}},"22":{"start":{"line":83,"column":8},"end":{"line":83,"column":15}},"23":{"start":{"line":85,"column":4},"end":{"line":194,"column":5}},"24":{"start":{"line":91,"column":8},"end":{"line":99,"column":10}},"25":{"start":{"line":98,"column":12},"end":{"line":98,"column":35}},"26":{"start":{"line":102,"column":8},"end":{"line":104,"column":63}},"27":{"start":{"line":105,"column":8},"end":{"line":105,"column":14}},"28":{"start":{"line":112,"column":8},"end":{"line":121,"column":10},"skip":true},"29":{"start":{"line":119,"column":12},"end":{"line":119,"column":55},"skip":true},"30":{"start":{"line":120,"column":12},"end":{"line":120,"column":48},"skip":true},"31":{"start":{"line":123,"column":8},"end":{"line":136,"column":10},"skip":true},"32":{"start":{"line":130,"column":12},"end":{"line":130,"column":76},"skip":true},"33":{"start":{"line":131,"column":12},"end":{"line":131,"column":73},"skip":true},"34":{"start":{"line":132,"column":12},"end":{"line":132,"column":74},"skip":true},"35":{"start":{"line":133,"column":12},"end":{"line":133,"column":79},"skip":true},"36":{"start":{"line":134,"column":12},"end":{"line":134,"column":25},"skip":true},"37":{"start":{"line":135,"column":12},"end":{"line":135,"column":45},"skip":true},"38":{"start":{"line":138,"column":8},"end":{"line":145,"column":14},"skip":true},"39":{"start":{"line":143,"column":16},"end":{"line":143,"column":29},"skip":true},"40":{"start":{"line":144,"column":16},"end":{"line":144,"column":55},"skip":true},"41":{"start":{"line":147,"column":8},"end":{"line":156,"column":10},"skip":true},"42":{"start":{"line":154,"column":12},"end":{"line":154,"column":25},"skip":true},"43":{"start":{"line":155,"column":12},"end":{"line":155,"column":45},"skip":true},"44":{"start":{"line":158,"column":8},"end":{"line":167,"column":10},"skip":true},"45":{"start":{"line":165,"column":12},"end":{"line":165,"column":25},"skip":true},"46":{"start":{"line":166,"column":12},"end":{"line":166,"column":48},"skip":true},"47":{"start":{"line":169,"column":8},"end":{"line":178,"column":10},"skip":true},"48":{"start":{"line":176,"column":12},"end":{"line":176,"column":25},"skip":true},"49":{"start":{"line":177,"column":12},"end":{"line":177,"column":46},"skip":true},"50":{"start":{"line":180,"column":8},"end":{"line":189,"column":10},"skip":true},"51":{"start":{"line":187,"column":12},"end":{"line":187,"column":94},"skip":true},"52":{"start":{"line":188,"column":12},"end":{"line":188,"column":48},"skip":true},"53":{"start":{"line":192,"column":8},"end":{"line":192,"column":35},"skip":true},"54":{"start":{"line":193,"column":8},"end":{"line":193,"column":14},"skip":true}},"branchMap":{"1":{"line":25,"type":"binary-expr","locations":[{"start":{"line":25,"column":23},"end":{"line":25,"column":62}},{"start":{"line":26,"column":20},"end":{"line":26,"column":70}},{"start":{"line":27,"column":20},"end":{"line":27,"column":71}},{"start":{"line":28,"column":20},"end":{"line":28,"column":29}}]},"2":{"line":30,"type":"binary-expr","locations":[{"start":{"line":30,"column":23},"end":{"line":30,"column":37}},{"start":{"line":31,"column":20},"end":{"line":31,"column":61}},{"start":{"line":32,"column":20},"end":{"line":32,"column":70}},{"start":{"line":33,"column":20},"end":{"line":33,"column":26}}]},"3":{"line":37,"type":"cond-expr","locations":[{"start":{"line":38,"column":14},"end":{"line":38,"column":20}},{"start":{"line":39,"column":14},"end":{"line":39,"column":20}}]},"4":{"line":40,"type":"switch","locations":[{"start":{"line":42,"column":8},"end":{"line":47,"column":18}},{"start":{"line":49,"column":8},"end":{"line":52,"column":18}}]},"5":{"line":44,"type":"binary-expr","locations":[{"start":{"line":44,"column":16},"end":{"line":44,"column":44}},{"start":{"line":44,"column":48},"end":{"line":44,"column":66}}]},"6":{"line":50,"type":"binary-expr","locations":[{"start":{"line":50,"column":21},"end":{"line":50,"column":49}},{"start":{"line":50,"column":53},"end":{"line":50,"column":72}}]},"7":{"line":64,"type":"switch","locations":[{"start":{"line":69,"column":4},"end":{"line":70,"column":14}},{"start":{"line":75,"column":4},"end":{"line":76,"column":14}}]},"8":{"line":85,"type":"switch","locations":[{"start":{"line":90,"column":4},"end":{"line":105,"column":14}},{"start":{"line":111,"column":4},"end":{"line":193,"column":14},"skip":true}]},"9":{"line":91,"type":"binary-expr","locations":[{"start":{"line":91,"column":42},"end":{"line":91,"column":73}},{"start":{"line":91,"column":77},"end":{"line":99,"column":9}}]},"10":{"line":102,"type":"binary-expr","locations":[{"start":{"line":102,"column":18},"end":{"line":102,"column":32}},{"start":{"line":103,"column":12},"end":{"line":103,"column":53}},{"start":{"line":104,"column":12},"end":{"line":104,"column":61}}]},"11":{"line":112,"type":"binary-expr","locations":[{"start":{"line":112,"column":45},"end":{"line":112,"column":79},"skip":true},{"start":{"line":112,"column":83},"end":{"line":121,"column":9},"skip":true}]},"12":{"line":123,"type":"binary-expr","locations":[{"start":{"line":123,"column":42},"end":{"line":123,"column":73},"skip":true},{"start":{"line":123,"column":77},"end":{"line":136,"column":9},"skip":true}]},"13":{"line":138,"type":"binary-expr","locations":[{"start":{"line":138,"column":48},"end":{"line":138,"column":85},"skip":true},{"start":{"line":139,"column":12},"end":{"line":145,"column":13},"skip":true}]},"14":{"line":147,"type":"binary-expr","locations":[{"start":{"line":147,"column":42},"end":{"line":147,"column":73},"skip":true},{"start":{"line":147,"column":77},"end":{"line":156,"column":9},"skip":true}]},"15":{"line":158,"type":"binary-expr","locations":[{"start":{"line":158,"column":45},"end":{"line":158,"column":79},"skip":true},{"start":{"line":158,"column":83},"end":{"line":167,"column":9},"skip":true}]},"16":{"line":169,"type":"binary-expr","locations":[{"start":{"line":169,"column":43},"end":{"line":169,"column":75},"skip":true},{"start":{"line":169,"column":79},"end":{"line":178,"column":9},"skip":true}]},"17":{"line":180,"type":"binary-expr","locations":[{"start":{"line":180,"column":41},"end":{"line":180,"column":71},"skip":true},{"start":{"line":180,"column":75},"end":{"line":189,"column":9},"skip":true}]}},"code":["/* istanbul instrument in package npmtest_bower_check_updates */","/*jslint","    bitwise: true,","    browser: true,","    maxerr: 8,","    maxlen: 96,","    node: true,","    nomen: true,","    regexp: true,","    stupid: true","*/","(function () {","    'use strict';","    var local;","","","","    // run shared js-env code - pre-init","    (function () {","        // init local","        local = {};","        // init modeJs","        local.modeJs = (function () {","            try {","                return typeof navigator.userAgent === 'string' &&","                    typeof document.querySelector('body') === 'object' &&","                    typeof XMLHttpRequest.prototype.open === 'function' &&","                    'browser';","            } catch (errorCaughtBrowser) {","                return module.exports &&","                    typeof process.versions.node === 'string' &&","                    typeof require('http').createServer === 'function' &&","                    'node';","            }","        }());","        // init global","        local.global = local.modeJs === 'browser'","            ? window","            : global;","        switch (local.modeJs) {","        // re-init local from window.local","        case 'browser':","            local = local.global.utility2.objectSetDefault(","                local.global.utility2_rollup || local.global.local,","                local.global.utility2","            );","            break;","        // re-init local from example.js","        case 'node':","            local = (local.global.utility2_rollup || require('utility2'))","                .requireExampleJsFromReadme();","            break;","        }","        // export local","        local.global.local = local;","    }());","","","","    // run shared js-env code - function","    (function () {","        return;","    }());","    switch (local.modeJs) {","","","","    // run browser js-env code - function","    case 'browser':","        break;","","","","    // run node js-env code - function","    case 'node':","        break;","    }","","","","    // run shared js-env code - post-init","    (function () {","        return;","    }());","    switch (local.modeJs) {","","","","    // run browser js-env code - post-init","    case 'browser':","        local.testCase_browser_nullCase = local.testCase_browser_nullCase || function (","            options,","            onError","        ) {","        /*","         * this function will test browsers's null-case handling-behavior-behavior","         */","            onError(null, options);","        };","","        // run tests","        local.nop(local.modeTest &&","            document.querySelector('#testRunButton1') &&","            document.querySelector('#testRunButton1').click());","        break;","","","","    // run node js-env code - post-init","    /* istanbul ignore next */","    case 'node':","        local.testCase_buildApidoc_default = local.testCase_buildApidoc_default || function (","            options,","            onError","        ) {","        /*","         * this function will test buildApidoc's default handling-behavior-behavior","         */","            options = { modulePathList: module.paths };","            local.buildApidoc(options, onError);","        };","","        local.testCase_buildApp_default = local.testCase_buildApp_default || function (","            options,","            onError","        ) {","        /*","         * this function will test buildApp's default handling-behavior-behavior","         */","            local.testCase_buildReadme_default(options, local.onErrorThrow);","            local.testCase_buildLib_default(options, local.onErrorThrow);","            local.testCase_buildTest_default(options, local.onErrorThrow);","            local.testCase_buildCustomOrg_default(options, local.onErrorThrow);","            options = [];","            local.buildApp(options, onError);","        };","","        local.testCase_buildCustomOrg_default = local.testCase_buildCustomOrg_default ||","            function (options, onError) {","            /*","             * this function will test buildCustomOrg's default handling-behavior","             */","                options = {};","                local.buildCustomOrg(options, onError);","            };","","        local.testCase_buildLib_default = local.testCase_buildLib_default || function (","            options,","            onError","        ) {","        /*","         * this function will test buildLib's default handling-behavior","         */","            options = {};","            local.buildLib(options, onError);","        };","","        local.testCase_buildReadme_default = local.testCase_buildReadme_default || function (","            options,","            onError","        ) {","        /*","         * this function will test buildReadme's default handling-behavior-behavior","         */","            options = {};","            local.buildReadme(options, onError);","        };","","        local.testCase_buildTest_default = local.testCase_buildTest_default || function (","            options,","            onError","        ) {","        /*","         * this function will test buildTest's default handling-behavior","         */","            options = {};","            local.buildTest(options, onError);","        };","","        local.testCase_webpage_default = local.testCase_webpage_default || function (","            options,","            onError","        ) {","        /*","         * this function will test webpage's default handling-behavior","         */","            options = { modeCoverageMerge: true, url: local.serverLocalHost + '?modeTest=1' };","            local.browserTest(options, onError);","        };","","        // run test-server","        local.testRunServer(local);","        break;","    }","}());",""],"l":{"12":2,"14":2,"19":2,"21":2,"23":2,"24":2,"25":2,"30":1,"37":2,"40":2,"43":1,"47":1,"50":1,"52":1,"55":2,"61":2,"62":2,"64":2,"70":1,"76":1,"82":2,"83":2,"85":2,"91":1,"98":1,"102":1,"105":1,"112":1,"119":1,"120":1,"123":1,"130":1,"131":1,"132":1,"133":1,"134":1,"135":1,"138":1,"143":2,"144":2,"147":1,"154":2,"155":2,"158":1,"165":2,"166":2,"169":1,"176":2,"177":2,"180":1,"187":1,"188":1,"192":1,"193":1}},"/home/travis/build/npmtest/node-npmtest-bower-check-updates/lib.npmtest_bower_check_updates.js":{"path":"/home/travis/build/npmtest/node-npmtest-bower-check-updates/lib.npmtest_bower_check_updates.js","s":{"1":2,"2":2,"3":2,"4":2,"5":2,"6":2,"7":2,"8":1,"9":2,"10":2,"11":2,"12":2,"13":1,"14":1,"15":1,"16":1},"b":{"1":[2,1,1,1],"2":[1,1,1,1],"3":[1,1],"4":[2,2],"5":[1,1]},"f":{"1":2,"2":2,"3":2},"fnMap":{"1":{"name":"(anonymous_1)","line":12,"loc":{"start":{"line":12,"column":1},"end":{"line":12,"column":13}}},"2":{"name":"(anonymous_2)","line":19,"loc":{"start":{"line":19,"column":5},"end":{"line":19,"column":17}}},"3":{"name":"(anonymous_3)","line":23,"loc":{"start":{"line":23,"column":24},"end":{"line":23,"column":36}}}},"statementMap":{"1":{"start":{"line":12,"column":0},"end":{"line":53,"column":5}},"2":{"start":{"line":14,"column":4},"end":{"line":14,"column":14}},"3":{"start":{"line":19,"column":4},"end":{"line":52,"column":9}},"4":{"start":{"line":21,"column":8},"end":{"line":21,"column":19}},"5":{"start":{"line":23,"column":8},"end":{"line":35,"column":13}},"6":{"start":{"line":24,"column":12},"end":{"line":34,"column":13}},"7":{"start":{"line":25,"column":16},"end":{"line":28,"column":30}},"8":{"start":{"line":30,"column":16},"end":{"line":33,"column":27}},"9":{"start":{"line":37,"column":8},"end":{"line":39,"column":21}},"10":{"start":{"line":41,"column":8},"end":{"line":41,"column":54}},"11":{"start":{"line":43,"column":8},"end":{"line":43,"column":64}},"12":{"start":{"line":45,"column":8},"end":{"line":51,"column":9}},"13":{"start":{"line":46,"column":12},"end":{"line":46,"column":70}},"14":{"start":{"line":48,"column":12},"end":{"line":48,"column":35}},"15":{"start":{"line":49,"column":12},"end":{"line":49,"column":49}},"16":{"start":{"line":50,"column":12},"end":{"line":50,"column":43}}},"branchMap":{"1":{"line":25,"type":"binary-expr","locations":[{"start":{"line":25,"column":23},"end":{"line":25,"column":62}},{"start":{"line":26,"column":20},"end":{"line":26,"column":70}},{"start":{"line":27,"column":20},"end":{"line":27,"column":71}},{"start":{"line":28,"column":20},"end":{"line":28,"column":29}}]},"2":{"line":30,"type":"binary-expr","locations":[{"start":{"line":30,"column":23},"end":{"line":30,"column":37}},{"start":{"line":31,"column":20},"end":{"line":31,"column":61}},{"start":{"line":32,"column":20},"end":{"line":32,"column":70}},{"start":{"line":33,"column":20},"end":{"line":33,"column":26}}]},"3":{"line":37,"type":"cond-expr","locations":[{"start":{"line":38,"column":14},"end":{"line":38,"column":20}},{"start":{"line":39,"column":14},"end":{"line":39,"column":20}}]},"4":{"line":41,"type":"binary-expr","locations":[{"start":{"line":41,"column":16},"end":{"line":41,"column":44}},{"start":{"line":41,"column":48},"end":{"line":41,"column":53}}]},"5":{"line":45,"type":"if","locations":[{"start":{"line":45,"column":8},"end":{"line":45,"column":8}},{"start":{"line":45,"column":8},"end":{"line":45,"column":8}}]}},"code":["/* istanbul instrument in package npmtest_bower_check_updates */","/*jslint","    bitwise: true,","    browser: true,","    maxerr: 8,","    maxlen: 96,","    node: true,","    nomen: true,","    regexp: true,","    stupid: true","*/","(function () {","    'use strict';","    var local;","","","","    // run shared js-env code - pre-init","    (function () {","        // init local","        local = {};","        // init modeJs","        local.modeJs = (function () {","            try {","                return typeof navigator.userAgent === 'string' &&","                    typeof document.querySelector('body') === 'object' &&","                    typeof XMLHttpRequest.prototype.open === 'function' &&","                    'browser';","            } catch (errorCaughtBrowser) {","                return module.exports &&","                    typeof process.versions.node === 'string' &&","                    typeof require('http').createServer === 'function' &&","                    'node';","            }","        }());","        // init global","        local.global = local.modeJs === 'browser'","            ? window","            : global;","        // init utility2_rollup","        local = local.global.utility2_rollup || local;","        // init lib","        local.local = local.npmtest_bower_check_updates = local;","        // init exports","        if (local.modeJs === 'browser') {","            local.global.utility2_npmtest_bower_check_updates = local;","        } else {","            module.exports = local;","            module.exports.__dirname = __dirname;","            module.exports.module = module;","        }","    }());","}());",""],"l":{"12":2,"14":2,"19":2,"21":2,"23":2,"24":2,"25":2,"30":1,"37":2,"41":2,"43":2,"45":2,"46":1,"48":1,"49":1,"50":1}},"/home/travis/build/npmtest/node-npmtest-bower-check-updates/example.js":{"path":"/home/travis/build/npmtest/node-npmtest-bower-check-updates/example.js","s":{"1":2,"2":2,"3":2,"4":2,"5":2,"6":2,"7":2,"8":1,"9":2,"10":2,"11":2,"12":2,"13":1,"14":2,"15":2,"16":2,"17":2,"18":2,"19":0,"20":2,"21":1,"22":1,"23":1,"24":1,"25":1,"26":0,"27":0,"28":1,"29":1,"30":2,"31":0,"32":0,"33":0,"34":1,"35":2,"36":2,"37":3,"38":3,"39":3,"40":3,"41":0,"42":3,"43":3,"44":3,"45":1,"46":3,"47":1,"48":1,"49":1,"50":1,"51":1,"52":1,"53":1,"54":1,"55":1,"56":1,"57":0,"58":1,"59":6,"60":6,"61":1,"62":2,"63":0,"64":2,"65":1,"66":1,"67":0,"68":0,"69":0,"70":0,"71":0,"72":0,"73":0,"74":0,"75":0,"76":0,"77":0,"78":0,"79":0,"80":0,"81":0,"82":0,"83":0},"b":{"1":[2,1,1,1],"2":[1,1,1,1],"3":[1,1],"4":[2,2],"5":[1,1],"6":[1,1],"7":[2,0],"8":[2,1,1,1,1,1],"9":[0,2,0],"10":[1,1],"11":[2,1,1],"12":[1,0],"13":[0,2],"14":[2,0,0,0,0,0,0],"15":[0,3],"16":[3,0],"17":[1,1],"18":[0,1],"19":[1,2,0,2],"20":[1,0],"21":[1,1],"22":[0,0],"23":[0,0],"24":[0,0],"25":[0,0],"26":[0,0],"27":[0,0],"28":[0,0]},"f":{"1":2,"2":2,"3":2,"4":2,"5":2,"6":2,"7":3,"8":3,"9":3,"10":1,"11":6,"12":0},"fnMap":{"1":{"name":"(anonymous_1)","line":26,"loc":{"start":{"line":26,"column":1},"end":{"line":26,"column":13}}},"2":{"name":"(anonymous_2)","line":33,"loc":{"start":{"line":33,"column":5},"end":{"line":33,"column":17}}},"3":{"name":"(anonymous_3)","line":37,"loc":{"start":{"line":37,"column":24},"end":{"line":37,"column":36}}},"4":{"name":"(anonymous_4)","line":69,"loc":{"start":{"line":69,"column":31},"end":{"line":69,"column":48}},"skip":true},"5":{"name":"(anonymous_5)","line":78,"loc":{"start":{"line":78,"column":26},"end":{"line":78,"column":45}},"skip":true},"6":{"name":"(anonymous_6)","line":123,"loc":{"start":{"line":123,"column":33},"end":{"line":123,"column":48}},"skip":true},"7":{"name":"(anonymous_7)","line":125,"loc":{"start":{"line":125,"column":27},"end":{"line":125,"column":39}},"skip":true},"8":{"name":"(anonymous_8)","line":133,"loc":{"start":{"line":133,"column":59},"end":{"line":133,"column":74}},"skip":true},"9":{"name":"(anonymous_9)","line":143,"loc":{"start":{"line":143,"column":45},"end":{"line":143,"column":62}},"skip":true},"10":{"name":"(anonymous_10)","line":144,"loc":{"start":{"line":144,"column":73},"end":{"line":144,"column":92}},"skip":true},"11":{"name":"(anonymous_11)","line":272,"loc":{"start":{"line":272,"column":51},"end":{"line":272,"column":77}},"skip":true},"12":{"name":"(anonymous_12)","line":315,"loc":{"start":{"line":315,"column":32},"end":{"line":315,"column":61}},"skip":true}},"statementMap":{"1":{"start":{"line":26,"column":0},"end":{"line":326,"column":5}},"2":{"start":{"line":28,"column":4},"end":{"line":28,"column":14}},"3":{"start":{"line":33,"column":4},"end":{"line":60,"column":9}},"4":{"start":{"line":35,"column":8},"end":{"line":35,"column":19}},"5":{"start":{"line":37,"column":8},"end":{"line":49,"column":13}},"6":{"start":{"line":38,"column":12},"end":{"line":48,"column":13}},"7":{"start":{"line":39,"column":16},"end":{"line":42,"column":30}},"8":{"start":{"line":44,"column":16},"end":{"line":47,"column":27}},"9":{"start":{"line":51,"column":8},"end":{"line":53,"column":21}},"10":{"start":{"line":55,"column":8},"end":{"line":57,"column":45}},"11":{"start":{"line":59,"column":8},"end":{"line":59,"column":35}},"12":{"start":{"line":61,"column":4},"end":{"line":325,"column":5}},"13":{"start":{"line":69,"column":8},"end":{"line":121,"column":10},"skip":true},"14":{"start":{"line":70,"column":12},"end":{"line":88,"column":13},"skip":true},"15":{"start":{"line":76,"column":16},"end":{"line":87,"column":19},"skip":true},"16":{"start":{"line":79,"column":20},"end":{"line":86,"column":21},"skip":true},"17":{"start":{"line":82,"column":24},"end":{"line":82,"column":43},"skip":true},"18":{"start":{"line":83,"column":24},"end":{"line":83,"column":30},"skip":true},"19":{"start":{"line":85,"column":24},"end":{"line":85,"column":49},"skip":true},"20":{"start":{"line":89,"column":12},"end":{"line":107,"column":13},"skip":true},"21":{"start":{"line":92,"column":16},"end":{"line":102,"column":17},"skip":true},"22":{"start":{"line":93,"column":20},"end":{"line":93,"column":86},"skip":true},"23":{"start":{"line":94,"column":20},"end":{"line":95,"column":45},"skip":true},"24":{"start":{"line":96,"column":20},"end":{"line":96,"column":42},"skip":true},"25":{"start":{"line":97,"column":20},"end":{"line":97,"column":48},"skip":true},"26":{"start":{"line":100,"column":20},"end":{"line":100,"column":85},"skip":true},"27":{"start":{"line":101,"column":20},"end":{"line":101,"column":96},"skip":true},"28":{"start":{"line":103,"column":16},"end":{"line":103,"column":22},"skip":true},"29":{"start":{"line":106,"column":16},"end":{"line":106,"column":22},"skip":true},"30":{"start":{"line":108,"column":12},"end":{"line":120,"column":13},"skip":true},"31":{"start":{"line":114,"column":16},"end":{"line":119,"column":17},"skip":true},"32":{"start":{"line":116,"column":20},"end":{"line":116,"column":78},"skip":true},"33":{"start":{"line":118,"column":20},"end":{"line":118,"column":47},"skip":true},"34":{"start":{"line":123,"column":8},"end":{"line":141,"column":11},"skip":true},"35":{"start":{"line":124,"column":12},"end":{"line":124,"column":54},"skip":true},"36":{"start":{"line":125,"column":12},"end":{"line":140,"column":14},"skip":true},"37":{"start":{"line":126,"column":16},"end":{"line":126,"column":28},"skip":true},"38":{"start":{"line":127,"column":16},"end":{"line":127,"column":69},"skip":true},"39":{"start":{"line":128,"column":16},"end":{"line":128,"column":75},"skip":true},"40":{"start":{"line":129,"column":16},"end":{"line":131,"column":17},"skip":true},"41":{"start":{"line":130,"column":20},"end":{"line":130,"column":27},"skip":true},"42":{"start":{"line":133,"column":16},"end":{"line":137,"column":36},"skip":true},"43":{"start":{"line":134,"column":20},"end":{"line":136,"column":55},"skip":true},"44":{"start":{"line":139,"column":16},"end":{"line":139,"column":57},"skip":true},"45":{"start":{"line":143,"column":8},"end":{"line":147,"column":11},"skip":true},"46":{"start":{"line":144,"column":12},"end":{"line":146,"column":15},"skip":true},"47":{"start":{"line":145,"column":16},"end":{"line":145,"column":70},"skip":true},"48":{"start":{"line":149,"column":8},"end":{"line":149,"column":31},"skip":true},"49":{"start":{"line":150,"column":8},"end":{"line":150,"column":14},"skip":true},"50":{"start":{"line":158,"column":8},"end":{"line":158,"column":31},"skip":true},"51":{"start":{"line":160,"column":8},"end":{"line":160,"column":33},"skip":true},"52":{"start":{"line":161,"column":8},"end":{"line":161,"column":37},"skip":true},"53":{"start":{"line":162,"column":8},"end":{"line":162,"column":35},"skip":true},"54":{"start":{"line":164,"column":8},"end":{"line":164,"column":50},"skip":true},"55":{"start":{"line":166,"column":8},"end":{"line":256,"column":2},"skip":true},"56":{"start":{"line":258,"column":8},"end":{"line":286,"column":9},"skip":true},"57":{"start":{"line":259,"column":12},"end":{"line":269,"column":14},"skip":true},"58":{"start":{"line":271,"column":12},"end":{"line":285,"column":19},"skip":true},"59":{"start":{"line":274,"column":20},"end":{"line":274,"column":35},"skip":true},"60":{"start":{"line":275,"column":20},"end":{"line":284,"column":21},"skip":true},"61":{"start":{"line":277,"column":24},"end":{"line":277,"column":64},"skip":true},"62":{"start":{"line":279,"column":24},"end":{"line":279,"column":40},"skip":true},"63":{"start":{"line":281,"column":24},"end":{"line":281,"column":40},"skip":true},"64":{"start":{"line":283,"column":24},"end":{"line":283,"column":39},"skip":true},"65":{"start":{"line":288,"column":8},"end":{"line":290,"column":9},"skip":true},"66":{"start":{"line":289,"column":12},"end":{"line":289,"column":18},"skip":true},"67":{"start":{"line":291,"column":8},"end":{"line":293,"column":54},"skip":true},"68":{"start":{"line":296,"column":8},"end":{"line":301,"column":37},"skip":true},"69":{"start":{"line":303,"column":8},"end":{"line":303,"column":82},"skip":true},"70":{"start":{"line":306,"column":8},"end":{"line":308,"column":9},"skip":true},"71":{"start":{"line":307,"column":12},"end":{"line":307,"column":82},"skip":true},"72":{"start":{"line":310,"column":8},"end":{"line":312,"column":9},"skip":true},"73":{"start":{"line":311,"column":12},"end":{"line":311,"column":18},"skip":true},"74":{"start":{"line":313,"column":8},"end":{"line":313,"column":54},"skip":true},"75":{"start":{"line":314,"column":8},"end":{"line":314,"column":69},"skip":true},"76":{"start":{"line":315,"column":8},"end":{"line":323,"column":36},"skip":true},"77":{"start":{"line":316,"column":12},"end":{"line":316,"column":61},"skip":true},"78":{"start":{"line":317,"column":12},"end":{"line":320,"column":13},"skip":true},"79":{"start":{"line":318,"column":16},"end":{"line":318,"column":75},"skip":true},"80":{"start":{"line":319,"column":16},"end":{"line":319,"column":23},"skip":true},"81":{"start":{"line":321,"column":12},"end":{"line":321,"column":38},"skip":true},"82":{"start":{"line":322,"column":12},"end":{"line":322,"column":27},"skip":true},"83":{"start":{"line":324,"column":8},"end":{"line":324,"column":14},"skip":true}},"branchMap":{"1":{"line":39,"type":"binary-expr","locations":[{"start":{"line":39,"column":23},"end":{"line":39,"column":62}},{"start":{"line":40,"column":20},"end":{"line":40,"column":70}},{"start":{"line":41,"column":20},"end":{"line":41,"column":71}},{"start":{"line":42,"column":20},"end":{"line":42,"column":29}}]},"2":{"line":44,"type":"binary-expr","locations":[{"start":{"line":44,"column":23},"end":{"line":44,"column":37}},{"start":{"line":45,"column":20},"end":{"line":45,"column":61}},{"start":{"line":46,"column":20},"end":{"line":46,"column":70}},{"start":{"line":47,"column":20},"end":{"line":47,"column":26}}]},"3":{"line":51,"type":"cond-expr","locations":[{"start":{"line":52,"column":14},"end":{"line":52,"column":20}},{"start":{"line":53,"column":14},"end":{"line":53,"column":20}}]},"4":{"line":55,"type":"binary-expr","locations":[{"start":{"line":55,"column":16},"end":{"line":55,"column":44}},{"start":{"line":55,"column":49},"end":{"line":57,"column":43}}]},"5":{"line":55,"type":"cond-expr","locations":[{"start":{"line":56,"column":14},"end":{"line":56,"column":63}},{"start":{"line":57,"column":14},"end":{"line":57,"column":43}}]},"6":{"line":61,"type":"switch","locations":[{"start":{"line":68,"column":4},"end":{"line":150,"column":14},"skip":true},{"start":{"line":156,"column":4},"end":{"line":324,"column":14},"skip":true}]},"7":{"line":70,"type":"if","locations":[{"start":{"line":70,"column":12},"end":{"line":70,"column":12},"skip":true},{"start":{"line":70,"column":12},"end":{"line":70,"column":12},"skip":true}]},"8":{"line":70,"type":"binary-expr","locations":[{"start":{"line":70,"column":16},"end":{"line":70,"column":22},"skip":true},{"start":{"line":70,"column":27},"end":{"line":70,"column":32},"skip":true},{"start":{"line":71,"column":20},"end":{"line":71,"column":39},"skip":true},{"start":{"line":72,"column":20},"end":{"line":72,"column":49},"skip":true},{"start":{"line":73,"column":20},"end":{"line":73,"column":58},"skip":true},{"start":{"line":74,"column":20},"end":{"line":74,"column":69},"skip":true}]},"9":{"line":79,"type":"switch","locations":[{"start":{"line":80,"column":20},"end":{"line":80,"column":33},"skip":true},{"start":{"line":81,"column":20},"end":{"line":83,"column":30},"skip":true},{"start":{"line":84,"column":20},"end":{"line":85,"column":49},"skip":true}]},"10":{"line":89,"type":"switch","locations":[{"start":{"line":90,"column":12},"end":{"line":103,"column":22},"skip":true},{"start":{"line":105,"column":12},"end":{"line":106,"column":22},"skip":true}]},"11":{"line":89,"type":"binary-expr","locations":[{"start":{"line":89,"column":20},"end":{"line":89,"column":25},"skip":true},{"start":{"line":89,"column":29},"end":{"line":89,"column":48},"skip":true},{"start":{"line":89,"column":52},"end":{"line":89,"column":74},"skip":true}]},"12":{"line":92,"type":"if","locations":[{"start":{"line":92,"column":16},"end":{"line":92,"column":16},"skip":true},{"start":{"line":92,"column":16},"end":{"line":92,"column":16},"skip":true}]},"13":{"line":108,"type":"if","locations":[{"start":{"line":108,"column":12},"end":{"line":108,"column":12},"skip":true},{"start":{"line":108,"column":12},"end":{"line":108,"column":12},"skip":true}]},"14":{"line":108,"type":"binary-expr","locations":[{"start":{"line":108,"column":16},"end":{"line":108,"column":61},"skip":true},{"start":{"line":108,"column":66},"end":{"line":108,"column":72},"skip":true},{"start":{"line":108,"column":77},"end":{"line":108,"column":82},"skip":true},{"start":{"line":109,"column":20},"end":{"line":109,"column":39},"skip":true},{"start":{"line":110,"column":20},"end":{"line":110,"column":49},"skip":true},{"start":{"line":111,"column":20},"end":{"line":111,"column":58},"skip":true},{"start":{"line":112,"column":20},"end":{"line":112,"column":68},"skip":true}]},"15":{"line":129,"type":"if","locations":[{"start":{"line":129,"column":16},"end":{"line":129,"column":16},"skip":true},{"start":{"line":129,"column":16},"end":{"line":129,"column":16},"skip":true}]},"16":{"line":134,"type":"cond-expr","locations":[{"start":{"line":135,"column":26},"end":{"line":135,"column":29},"skip":true},{"start":{"line":136,"column":26},"end":{"line":136,"column":54},"skip":true}]},"17":{"line":164,"type":"binary-expr","locations":[{"start":{"line":164,"column":27},"end":{"line":164,"column":43},"skip":true},{"start":{"line":164,"column":47},"end":{"line":164,"column":49},"skip":true}]},"18":{"line":258,"type":"if","locations":[{"start":{"line":258,"column":8},"end":{"line":258,"column":8},"skip":true},{"start":{"line":258,"column":8},"end":{"line":258,"column":8},"skip":true}]},"19":{"line":275,"type":"switch","locations":[{"start":{"line":276,"column":20},"end":{"line":277,"column":64},"skip":true},{"start":{"line":278,"column":20},"end":{"line":279,"column":40},"skip":true},{"start":{"line":280,"column":20},"end":{"line":281,"column":40},"skip":true},{"start":{"line":282,"column":20},"end":{"line":283,"column":39},"skip":true}]},"20":{"line":288,"type":"if","locations":[{"start":{"line":288,"column":8},"end":{"line":288,"column":8},"skip":true},{"start":{"line":288,"column":8},"end":{"line":288,"column":8},"skip":true}]},"21":{"line":288,"type":"binary-expr","locations":[{"start":{"line":288,"column":12},"end":{"line":288,"column":40},"skip":true},{"start":{"line":288,"column":44},"end":{"line":288,"column":67},"skip":true}]},"22":{"line":292,"type":"binary-expr","locations":[{"start":{"line":292,"column":12},"end":{"line":292,"column":50},"skip":true},{"start":{"line":293,"column":12},"end":{"line":293,"column":53},"skip":true}]},"23":{"line":297,"type":"binary-expr","locations":[{"start":{"line":297,"column":12},"end":{"line":297,"column":77},"skip":true},{"start":{"line":298,"column":12},"end":{"line":301,"column":36},"skip":true}]},"24":{"line":303,"type":"binary-expr","locations":[{"start":{"line":303,"column":43},"end":{"line":303,"column":75},"skip":true},{"start":{"line":303,"column":79},"end":{"line":303,"column":81},"skip":true}]},"25":{"line":306,"type":"if","locations":[{"start":{"line":306,"column":8},"end":{"line":306,"column":8},"skip":true},{"start":{"line":306,"column":8},"end":{"line":306,"column":8},"skip":true}]},"26":{"line":310,"type":"if","locations":[{"start":{"line":310,"column":8},"end":{"line":310,"column":8},"skip":true},{"start":{"line":310,"column":8},"end":{"line":310,"column":8},"skip":true}]},"27":{"line":313,"type":"binary-expr","locations":[{"start":{"line":313,"column":27},"end":{"line":313,"column":43},"skip":true},{"start":{"line":313,"column":47},"end":{"line":313,"column":53},"skip":true}]},"28":{"line":317,"type":"if","locations":[{"start":{"line":317,"column":12},"end":{"line":317,"column":12},"skip":true},{"start":{"line":317,"column":12},"end":{"line":317,"column":12},"skip":true}]}},"code":["/*","example.js","","quickstart example","","instruction","    1. save this script as example.js","    2. run the shell command:","        $ npm install npmtest-bower-check-updates && PORT=8081 node example.js","    3. play with the browser-demo on http://127.0.0.1:8081","*/","","","","/* istanbul instrument in package npmtest_bower_check_updates */","/*jslint","    bitwise: true,","    browser: true,","    maxerr: 8,","    maxlen: 96,","    node: true,","    nomen: true,","    regexp: true,","    stupid: true","*/","(function () {","    'use strict';","    var local;","","","","    // run shared js-env code - pre-init","    (function () {","        // init local","        local = {};","        // init modeJs","        local.modeJs = (function () {","            try {","                return typeof navigator.userAgent === 'string' &&","                    typeof document.querySelector('body') === 'object' &&","                    typeof XMLHttpRequest.prototype.open === 'function' &&","                    'browser';","            } catch (errorCaughtBrowser) {","                return module.exports &&","                    typeof process.versions.node === 'string' &&","                    typeof require('http').createServer === 'function' &&","                    'node';","            }","        }());","        // init global","        local.global = local.modeJs === 'browser'","            ? window","            : global;","        // init utility2_rollup","        local = local.global.utility2_rollup || (local.modeJs === 'browser'","            ? local.global.utility2_npmtest_bower_check_updates","            : global.utility2_moduleExports);","        // export local","        local.global.local = local;","    }());","    switch (local.modeJs) {","","","","    // post-init","    // run browser js-env code - post-init","    /* istanbul ignore next */","    case 'browser':","        local.testRunBrowser = function (event) {","            if (!event || (event &&","                    event.currentTarget &&","                    event.currentTarget.className &&","                    event.currentTarget.className.includes &&","                    event.currentTarget.className.includes('onreset'))) {","                // reset output","                Array.from(","                    document.querySelectorAll('body > .resettable')","                ).forEach(function (element) {","                    switch (element.tagName) {","                    case 'INPUT':","                    case 'TEXTAREA':","                        element.value = '';","                        break;","                    default:","                        element.textContent = '';","                    }","                });","            }","            switch (event && event.currentTarget && event.currentTarget.id) {","            case 'testRunButton1':","                // show tests","                if (document.querySelector('#testReportDiv1').style.display === 'none') {","                    document.querySelector('#testReportDiv1').style.display = 'block';","                    document.querySelector('#testRunButton1').textContent =","                        'hide internal test';","                    local.modeTest = true;","                    local.testRunDefault(local);","                // hide tests","                } else {","                    document.querySelector('#testReportDiv1').style.display = 'none';","                    document.querySelector('#testRunButton1').textContent = 'run internal test';","                }","                break;","            // custom-case","            default:","                break;","            }","            if (document.querySelector('#inputTextareaEval1') && (!event || (event &&","                    event.currentTarget &&","                    event.currentTarget.className &&","                    event.currentTarget.className.includes &&","                    event.currentTarget.className.includes('oneval')))) {","                // try to eval input-code","                try {","                    /*jslint evil: true*/","                    eval(document.querySelector('#inputTextareaEval1').value);","                } catch (errorCaught) {","                    console.error(errorCaught);","                }","            }","        };","        // log stderr and stdout to #outputTextareaStdout1","        ['error', 'log'].forEach(function (key) {","            console[key + '_original'] = console[key];","            console[key] = function () {","                var element;","                console[key + '_original'].apply(console, arguments);","                element = document.querySelector('#outputTextareaStdout1');","                if (!element) {","                    return;","                }","                // append text to #outputTextareaStdout1","                element.value += Array.from(arguments).map(function (arg) {","                    return typeof arg === 'string'","                        ? arg","                        : JSON.stringify(arg, null, 4);","                }).join(' ') + '\\n';","                // scroll textarea to bottom","                element.scrollTop = element.scrollHeight;","            };","        });","        // init event-handling","        ['change', 'click', 'keyup'].forEach(function (event) {","            Array.from(document.querySelectorAll('.on' + event)).forEach(function (element) {","                element.addEventListener(event, local.testRunBrowser);","            });","        });","        // run tests","        local.testRunBrowser();","        break;","","","","    // run node js-env code - post-init","    /* istanbul ignore next */","    case 'node':","        // export local","        module.exports = local;","        // require modules","        local.fs = require('fs');","        local.http = require('http');","        local.url = require('url');","        // init assets","        local.assetsDict = local.assetsDict || {};","        /* jslint-ignore-begin */","        local.assetsDict['/assets.index.template.html'] = '\\","<!doctype html>\\n\\","<html lang=\"en\">\\n\\","<head>\\n\\","<meta charset=\"UTF-8\">\\n\\","<meta name=\"viewport\" content=\"width=device-width, initial-scale=1\">\\n\\","<title>{{env.npm_package_name}} (v{{env.npm_package_version}})</title>\\n\\","<style>\\n\\","/*csslint\\n\\","    box-sizing: false,\\n\\","    universal-selector: false\\n\\","*/\\n\\","* {\\n\\","    box-sizing: border-box;\\n\\","}\\n\\","body {\\n\\","    background: #dde;\\n\\","    font-family: Arial, Helvetica, sans-serif;\\n\\","    margin: 2rem;\\n\\","}\\n\\","body > * {\\n\\","    margin-bottom: 1rem;\\n\\","}\\n\\",".utility2FooterDiv {\\n\\","    margin-top: 20px;\\n\\","    text-align: center;\\n\\","}\\n\\","</style>\\n\\","<style>\\n\\","/*csslint\\n\\","*/\\n\\","textarea {\\n\\","    font-family: monospace;\\n\\","    height: 10rem;\\n\\","    width: 100%;\\n\\","}\\n\\","textarea[readonly] {\\n\\","    background: #ddd;\\n\\","}\\n\\","</style>\\n\\","</head>\\n\\","<body>\\n\\","<!-- utility2-comment\\n\\","<div id=\"ajaxProgressDiv1\" style=\"background: #d00; height: 2px; left: 0; margin: 0; padding: 0; position: fixed; top: 0; transition: background 0.5s, width 1.5s; width: 25%;\"></div>\\n\\","utility2-comment -->\\n\\","<h1>\\n\\","<!-- utility2-comment\\n\\","    <a\\n\\","        {{#if env.npm_package_homepage}}\\n\\","        href=\"{{env.npm_package_homepage}}\"\\n\\","        {{/if env.npm_package_homepage}}\\n\\","        target=\"_blank\"\\n\\","    >\\n\\","utility2-comment -->\\n\\","        {{env.npm_package_name}} (v{{env.npm_package_version}})\\n\\","<!-- utility2-comment\\n\\","    </a>\\n\\","utility2-comment -->\\n\\","</h1>\\n\\","<h3>{{env.npm_package_description}}</h3>\\n\\","<!-- utility2-comment\\n\\","<h4><a download href=\"assets.app.js\">download standalone app</a></h4>\\n\\","<button class=\"onclick onreset\" id=\"testRunButton1\">run internal test</button><br>\\n\\","<div id=\"testReportDiv1\" style=\"display: none;\"></div>\\n\\","utility2-comment -->\\n\\","\\n\\","\\n\\","\\n\\","<label>stderr and stdout</label>\\n\\","<textarea class=\"resettable\" id=\"outputTextareaStdout1\" readonly></textarea>\\n\\","<!-- utility2-comment\\n\\","{{#if isRollup}}\\n\\","<script src=\"assets.app.js\"></script>\\n\\","{{#unless isRollup}}\\n\\","utility2-comment -->\\n\\","<script src=\"assets.utility2.rollup.js\"></script>\\n\\","<script src=\"jsonp.utility2._stateInit?callback=window.utility2._stateInit\"></script>\\n\\","<script src=\"assets.npmtest_bower_check_updates.rollup.js\"></script>\\n\\","<script src=\"assets.example.js\"></script>\\n\\","<script src=\"assets.test.js\"></script>\\n\\","<!-- utility2-comment\\n\\","{{/if isRollup}}\\n\\","utility2-comment -->\\n\\","<div class=\"utility2FooterDiv\">\\n\\","    [ this app was created with\\n\\","    <a href=\"https://github.com/kaizhu256/node-utility2\" target=\"_blank\">utility2</a>\\n\\","    ]\\n\\","</div>\\n\\","</body>\\n\\","</html>\\n\\","';","        /* jslint-ignore-end */","        if (local.templateRender) {","            local.assetsDict['/'] = local.templateRender(","                local.assetsDict['/assets.index.template.html'],","                {","                    env: local.objectSetDefault(local.env, {","                        npm_package_description: 'the greatest app in the world!',","                        npm_package_name: 'my-app',","                        npm_package_nameAlias: 'my_app',","                        npm_package_version: '0.0.1'","                    })","                }","            );","        } else {","            local.assetsDict['/'] = local.assetsDict['/assets.index.template.html']","                .replace((/\\{\\{env\\.(\\w+?)\\}\\}/g), function (match0, match1) {","                    // jslint-hack","                    String(match0);","                    switch (match1) {","                    case 'npm_package_description':","                        return 'the greatest app in the world!';","                    case 'npm_package_name':","                        return 'my-app';","                    case 'npm_package_nameAlias':","                        return 'my_app';","                    case 'npm_package_version':","                        return '0.0.1';","                    }","                });","        }","        // run the cli","        if (local.global.utility2_rollup || module !== require.main) {","            break;","        }","        local.assetsDict['/assets.example.js'] =","            local.assetsDict['/assets.example.js'] ||","            local.fs.readFileSync(__filename, 'utf8');","        // bug-workaround - long $npm_package_buildCustomOrg","        /* jslint-ignore-begin */","        local.assetsDict['/assets.npmtest_bower_check_updates.rollup.js'] =","            local.assetsDict['/assets.npmtest_bower_check_updates.rollup.js'] ||","            local.fs.readFileSync(","                local.npmtest_bower_check_updates.__dirname + '/lib.npmtest_bower_check_updates.js',","                'utf8'","            ).replace((/^#!/), '//');","        /* jslint-ignore-end */","        local.assetsDict['/favicon.ico'] = local.assetsDict['/favicon.ico'] || '';","        // if $npm_config_timeout_exit exists,","        // then exit this process after $npm_config_timeout_exit ms","        if (Number(process.env.npm_config_timeout_exit)) {","            setTimeout(process.exit, Number(process.env.npm_config_timeout_exit));","        }","        // start server","        if (local.global.utility2_serverHttp1) {","            break;","        }","        process.env.PORT = process.env.PORT || '8081';","        console.error('server starting on port ' + process.env.PORT);","        local.http.createServer(function (request, response) {","            request.urlParsed = local.url.parse(request.url);","            if (local.assetsDict[request.urlParsed.pathname] !== undefined) {","                response.end(local.assetsDict[request.urlParsed.pathname]);","                return;","            }","            response.statusCode = 404;","            response.end();","        }).listen(process.env.PORT);","        break;","    }","}());",""],"l":{"26":2,"28":2,"33":2,"35":2,"37":2,"38":2,"39":2,"44":1,"51":2,"55":2,"59":2,"61":2,"69":1,"70":2,"76":2,"79":2,"82":2,"83":2,"85":1,"89":2,"92":1,"93":1,"94":1,"96":1,"97":1,"100":1,"101":1,"103":1,"106":1,"108":2,"114":1,"116":1,"118":1,"123":1,"124":2,"125":2,"126":3,"127":3,"128":3,"129":3,"130":1,"133":3,"134":3,"139":3,"143":1,"144":3,"145":1,"149":1,"150":1,"158":1,"160":1,"161":1,"162":1,"164":1,"166":1,"258":1,"259":1,"271":1,"274":6,"275":6,"277":1,"279":2,"281":1,"283":2,"288":1,"289":1,"291":1,"296":1,"303":1,"306":1,"307":1,"310":1,"311":1,"313":1,"314":1,"315":1,"316":1,"317":1,"318":1,"319":1,"321":1,"322":1,"324":1}},"/home/travis/build/npmtest/node-npmtest-bower-check-updates/node_modules/bower-check-updates/lib/bower-check-updates.js":{"path":"/home/travis/build/npmtest/node-npmtest-bower-check-updates/node_modules/bower-check-updates/lib/bower-check-updates.js","s":{"1":1,"2":1,"3":1,"4":1,"5":1,"6":1,"7":1,"8":1,"9":1,"10":1,"11":1,"12":1,"13":1,"14":0,"15":0,"16":1,"17":0,"18":1,"19":1,"20":1,"21":0,"22":0,"23":0,"24":0,"25":1,"26":0,"27":0,"28":0,"29":1,"30":0,"31":0,"32":0,"33":0,"34":0,"35":0,"36":0,"37":0,"38":0,"39":0,"40":0,"41":0,"42":0,"43":0,"44":0,"45":0,"46":0,"47":0,"48":1,"49":0,"50":0,"51":0,"52":0,"53":0,"54":0,"55":0,"56":0,"57":0,"58":1,"59":0,"60":0,"61":0,"62":0,"63":0,"64":0,"65":0,"66":0,"67":0,"68":0,"69":0,"70":0,"71":0,"72":0,"73":0,"74":0,"75":0,"76":0,"77":0,"78":0,"79":0,"80":0,"81":0,"82":0,"83":0,"84":0,"85":0,"86":0,"87":0,"88":1,"89":0,"90":0,"91":0,"92":0,"93":0,"94":0,"95":1,"96":0,"97":0,"98":1,"99":0,"100":1,"101":0,"102":0,"103":0,"104":0,"105":0,"106":0,"107":0,"108":0,"109":0,"110":0,"111":0,"112":0,"113":0,"114":0,"115":1,"116":0,"117":0,"118":0,"119":0},"b":{"1":[0,0],"2":[0,0],"3":[0,0],"4":[0,0],"5":[0,0],"6":[0,0],"7":[0,0],"8":[0,0],"9":[0,0],"10":[0,0],"11":[0,0],"12":[0,0],"13":[0,0],"14":[0,0],"15":[0,0],"16":[0,0],"17":[0,0],"18":[0,0],"19":[0,0,0],"20":[0,0],"21":[0,0],"22":[0,0],"23":[0,0],"24":[0,0],"25":[0,0],"26":[0,0],"27":[0,0],"28":[0,0,0],"29":[0,0],"30":[0,0],"31":[0,0],"32":[0,0],"33":[0,0],"34":[0,0],"35":[0,0],"36":[0,0],"37":[0,0],"38":[0,0]},"f":{"1":0,"2":0,"3":0,"4":0,"5":0,"6":0,"7":0,"8":0,"9":0,"10":0,"11":0,"12":0,"13":0,"14":0,"15":0,"16":0,"17":0,"18":0,"19":0,"20":0,"21":0,"22":0},"fnMap":{"1":{"name":"print","line":23,"loc":{"start":{"line":23,"column":0},"end":{"line":23,"column":24}}},"2":{"name":"createDependencyTable","line":29,"loc":{"start":{"line":29,"column":0},"end":{"line":29,"column":33}}},"3":{"name":"upgradePackageDefinitions","line":59,"loc":{"start":{"line":59,"column":0},"end":{"line":59,"column":56}}},"4":{"name":"(anonymous_4)","line":64,"loc":{"start":{"line":64,"column":12},"end":{"line":64,"column":38}}},"5":{"name":"analyzeGlobalPackages","line":70,"loc":{"start":{"line":70,"column":0},"end":{"line":70,"column":33}}},"6":{"name":"(anonymous_6)","line":72,"loc":{"start":{"line":72,"column":14},"end":{"line":72,"column":40}}},"7":{"name":"(anonymous_7)","line":74,"loc":{"start":{"line":74,"column":24},"end":{"line":74,"column":52}}},"8":{"name":"analyzeProjectDependencies","line":85,"loc":{"start":{"line":85,"column":0},"end":{"line":85,"column":54}}},"9":{"name":"(anonymous_9)","line":100,"loc":{"start":{"line":100,"column":16},"end":{"line":100,"column":65}}},"10":{"name":"(anonymous_10)","line":103,"loc":{"start":{"line":103,"column":16},"end":{"line":103,"column":64}}},"11":{"name":"(anonymous_11)","line":130,"loc":{"start":{"line":130,"column":30},"end":{"line":130,"column":42}}},"12":{"name":"toDependencyTable","line":147,"loc":{"start":{"line":147,"column":0},"end":{"line":147,"column":42}}},"13":{"name":"(anonymous_13)","line":151,"loc":{"start":{"line":151,"column":40},"end":{"line":151,"column":55}}},"14":{"name":"(anonymous_14)","line":156,"loc":{"start":{"line":156,"column":17},"end":{"line":156,"column":32}}},"15":{"name":"printUpgrades","line":168,"loc":{"start":{"line":168,"column":0},"end":{"line":168,"column":29}}},"16":{"name":"(anonymous_16)","line":182,"loc":{"start":{"line":182,"column":44},"end":{"line":182,"column":59}}},"17":{"name":"(anonymous_17)","line":200,"loc":{"start":{"line":200,"column":65},"end":{"line":200,"column":80}}},"18":{"name":"programInit","line":231,"loc":{"start":{"line":231,"column":0},"end":{"line":231,"column":23}}},"19":{"name":"programRun","line":249,"loc":{"start":{"line":249,"column":0},"end":{"line":249,"column":22}}},"20":{"name":"programRunGlobal","line":254,"loc":{"start":{"line":254,"column":0},"end":{"line":254,"column":28}}},"21":{"name":"programRunLocal","line":258,"loc":{"start":{"line":258,"column":0},"end":{"line":258,"column":27}}},"22":{"name":"(anonymous_22)","line":289,"loc":{"start":{"line":289,"column":9},"end":{"line":289,"column":25}}}},"statementMap":{"1":{"start":{"line":1,"column":0},"end":{"line":1,"column":17}},"2":{"start":{"line":7,"column":0},"end":{"line":7,"column":38}},"3":{"start":{"line":8,"column":0},"end":{"line":8,"column":37}},"4":{"start":{"line":9,"column":0},"end":{"line":9,"column":37}},"5":{"start":{"line":10,"column":0},"end":{"line":10,"column":46}},"6":{"start":{"line":11,"column":0},"end":{"line":11,"column":39}},"7":{"start":{"line":12,"column":0},"end":{"line":12,"column":41}},"8":{"start":{"line":13,"column":0},"end":{"line":13,"column":42}},"9":{"start":{"line":14,"column":0},"end":{"line":14,"column":38}},"10":{"start":{"line":15,"column":0},"end":{"line":15,"column":57}},"11":{"start":{"line":16,"column":0},"end":{"line":16,"column":49}},"12":{"start":{"line":17,"column":0},"end":{"line":17,"column":47}},"13":{"start":{"line":23,"column":0},"end":{"line":27,"column":1}},"14":{"start":{"line":24,"column":4},"end":{"line":26,"column":5}},"15":{"start":{"line":25,"column":8},"end":{"line":25,"column":29}},"16":{"start":{"line":29,"column":0},"end":{"line":50,"column":1}},"17":{"start":{"line":30,"column":4},"end":{"line":49,"column":7}},"18":{"start":{"line":52,"column":0},"end":{"line":52,"column":66}},"19":{"start":{"line":53,"column":0},"end":{"line":53,"column":41}},"20":{"start":{"line":59,"column":0},"end":{"line":68,"column":1}},"21":{"start":{"line":60,"column":4},"end":{"line":60,"column":58}},"22":{"start":{"line":61,"column":4},"end":{"line":67,"column":7}},"23":{"start":{"line":65,"column":8},"end":{"line":65,"column":95}},"24":{"start":{"line":66,"column":8},"end":{"line":66,"column":54}},"25":{"start":{"line":70,"column":0},"end":{"line":83,"column":1}},"26":{"start":{"line":71,"column":4},"end":{"line":82,"column":11}},"27":{"start":{"line":73,"column":12},"end":{"line":81,"column":19}},"28":{"start":{"line":75,"column":20},"end":{"line":79,"column":23}},"29":{"start":{"line":85,"column":0},"end":{"line":140,"column":1}},"30":{"start":{"line":86,"column":4},"end":{"line":86,"column":34}},"31":{"start":{"line":87,"column":4},"end":{"line":92,"column":7}},"32":{"start":{"line":94,"column":4},"end":{"line":139,"column":11}},"33":{"start":{"line":101,"column":12},"end":{"line":101,"column":84}},"34":{"start":{"line":105,"column":8},"end":{"line":105,"column":31}},"35":{"start":{"line":107,"column":8},"end":{"line":138,"column":17}},"36":{"start":{"line":108,"column":12},"end":{"line":108,"column":91}},"37":{"start":{"line":109,"column":12},"end":{"line":111,"column":25}},"38":{"start":{"line":113,"column":12},"end":{"line":113,"column":26}},"39":{"start":{"line":114,"column":12},"end":{"line":114,"column":26}},"40":{"start":{"line":117,"column":12},"end":{"line":124,"column":15}},"41":{"start":{"line":126,"column":12},"end":{"line":137,"column":21}},"42":{"start":{"line":127,"column":16},"end":{"line":133,"column":17}},"43":{"start":{"line":128,"column":20},"end":{"line":128,"column":103}},"44":{"start":{"line":129,"column":20},"end":{"line":132,"column":27}},"45":{"start":{"line":131,"column":28},"end":{"line":131,"column":145}},"46":{"start":{"line":134,"column":24},"end":{"line":136,"column":25}},"47":{"start":{"line":135,"column":28},"end":{"line":135,"column":75}},"48":{"start":{"line":147,"column":0},"end":{"line":158,"column":1}},"49":{"start":{"line":149,"column":4},"end":{"line":149,"column":28}},"50":{"start":{"line":150,"column":4},"end":{"line":150,"column":40}},"51":{"start":{"line":151,"column":4},"end":{"line":155,"column":7}},"52":{"start":{"line":152,"column":8},"end":{"line":152,"column":40}},"53":{"start":{"line":153,"column":8},"end":{"line":153,"column":78}},"54":{"start":{"line":154,"column":8},"end":{"line":154,"column":36}},"55":{"start":{"line":156,"column":4},"end":{"line":156,"column":54}},"56":{"start":{"line":156,"column":34},"end":{"line":156,"column":50}},"57":{"start":{"line":157,"column":4},"end":{"line":157,"column":17}},"58":{"start":{"line":168,"column":0},"end":{"line":224,"column":1}},"59":{"start":{"line":169,"column":4},"end":{"line":169,"column":14}},"60":{"start":{"line":170,"column":4},"end":{"line":222,"column":5}},"61":{"start":{"line":171,"column":8},"end":{"line":171,"column":40}},"62":{"start":{"line":172,"column":8},"end":{"line":177,"column":9}},"63":{"start":{"line":173,"column":12},"end":{"line":173,"column":66}},"64":{"start":{"line":176,"column":12},"end":{"line":176,"column":126}},"65":{"start":{"line":181,"column":8},"end":{"line":181,"column":46}},"66":{"start":{"line":182,"column":8},"end":{"line":184,"column":11}},"67":{"start":{"line":183,"column":10},"end":{"line":183,"column":89}},"68":{"start":{"line":185,"column":8},"end":{"line":185,"column":50}},"69":{"start":{"line":186,"column":8},"end":{"line":186,"column":90}},"70":{"start":{"line":187,"column":8},"end":{"line":187,"column":69}},"71":{"start":{"line":188,"column":8},"end":{"line":188,"column":78}},"72":{"start":{"line":191,"column":8},"end":{"line":197,"column":9}},"73":{"start":{"line":192,"column":12},"end":{"line":195,"column":47}},"74":{"start":{"line":196,"column":12},"end":{"line":196,"column":47}},"75":{"start":{"line":200,"column":8},"end":{"line":202,"column":11}},"76":{"start":{"line":201,"column":12},"end":{"line":201,"column":95}},"77":{"start":{"line":203,"column":8},"end":{"line":203,"column":65}},"78":{"start":{"line":206,"column":8},"end":{"line":218,"column":9}},"79":{"start":{"line":207,"column":12},"end":{"line":207,"column":62}},"80":{"start":{"line":208,"column":12},"end":{"line":211,"column":47}},"81":{"start":{"line":212,"column":12},"end":{"line":215,"column":13}},"82":{"start":{"line":214,"column":16},"end":{"line":214,"column":26}},"83":{"start":{"line":216,"column":12},"end":{"line":216,"column":527}},"84":{"start":{"line":217,"column":12},"end":{"line":217,"column":45}},"85":{"start":{"line":219,"column":8},"end":{"line":221,"column":10}},"86":{"start":{"line":220,"column":13},"end":{"line":220,"column":85}},"87":{"start":{"line":223,"column":4},"end":{"line":223,"column":14}},"88":{"start":{"line":231,"column":0},"end":{"line":247,"column":1}},"89":{"start":{"line":234,"column":4},"end":{"line":234,"column":60}},"90":{"start":{"line":236,"column":4},"end":{"line":240,"column":5}},"91":{"start":{"line":237,"column":8},"end":{"line":237,"column":68}},"92":{"start":{"line":238,"column":8},"end":{"line":238,"column":77}},"93":{"start":{"line":239,"column":8},"end":{"line":239,"column":24}},"94":{"start":{"line":243,"column":4},"end":{"line":246,"column":37}},"95":{"start":{"line":249,"column":0},"end":{"line":252,"column":1}},"96":{"start":{"line":250,"column":4},"end":{"line":250,"column":18}},"97":{"start":{"line":251,"column":4},"end":{"line":251,"column":67}},"98":{"start":{"line":254,"column":0},"end":{"line":256,"column":1}},"99":{"start":{"line":255,"column":4},"end":{"line":255,"column":35}},"100":{"start":{"line":258,"column":0},"end":{"line":286,"column":1}},"101":{"start":{"line":260,"column":4},"end":{"line":260,"column":25}},"102":{"start":{"line":262,"column":4},"end":{"line":283,"column":5}},"103":{"start":{"line":263,"column":8},"end":{"line":263,"column":55}},"104":{"start":{"line":265,"column":9},"end":{"line":283,"column":5}},"105":{"start":{"line":266,"column":8},"end":{"line":266,"column":47}},"106":{"start":{"line":267,"column":8},"end":{"line":267,"column":23}},"107":{"start":{"line":271,"column":8},"end":{"line":271,"column":53}},"108":{"start":{"line":272,"column":8},"end":{"line":274,"column":9}},"109":{"start":{"line":273,"column":12},"end":{"line":273,"column":52}},"110":{"start":{"line":277,"column":8},"end":{"line":277,"column":69}},"111":{"start":{"line":278,"column":8},"end":{"line":280,"column":9}},"112":{"start":{"line":279,"column":12},"end":{"line":279,"column":47}},"113":{"start":{"line":282,"column":8},"end":{"line":282,"column":56}},"114":{"start":{"line":285,"column":4},"end":{"line":285,"column":75}},"115":{"start":{"line":288,"column":0},"end":{"line":303,"column":7}},"116":{"start":{"line":290,"column":8},"end":{"line":290,"column":29}},"117":{"start":{"line":293,"column":8},"end":{"line":299,"column":9}},"118":{"start":{"line":294,"column":12},"end":{"line":298,"column":15}},"119":{"start":{"line":301,"column":8},"end":{"line":301,"column":62}}},"branchMap":{"1":{"line":24,"type":"if","locations":[{"start":{"line":24,"column":4},"end":{"line":24,"column":4}},{"start":{"line":24,"column":4},"end":{"line":24,"column":4}}]},"2":{"line":62,"type":"cond-expr","locations":[{"start":{"line":62,"column":42},"end":{"line":62,"column":52}},{"start":{"line":62,"column":55},"end":{"line":62,"column":63}}]},"3":{"line":63,"type":"cond-expr","locations":[{"start":{"line":63,"column":37},"end":{"line":63,"column":53}},{"start":{"line":63,"column":56},"end":{"line":63,"column":60}}]},"4":{"line":97,"type":"cond-expr","locations":[{"start":{"line":97,"column":18},"end":{"line":97,"column":43}},{"start":{"line":97,"column":46},"end":{"line":97,"column":63}}]},"5":{"line":107,"type":"if","locations":[{"start":{"line":107,"column":8},"end":{"line":107,"column":8}},{"start":{"line":107,"column":8},"end":{"line":107,"column":8}}]},"6":{"line":109,"type":"cond-expr","locations":[{"start":{"line":109,"column":39},"end":{"line":109,"column":61}},{"start":{"line":110,"column":16},"end":{"line":111,"column":24}}]},"7":{"line":110,"type":"cond-expr","locations":[{"start":{"line":110,"column":35},"end":{"line":110,"column":124}},{"start":{"line":111,"column":16},"end":{"line":111,"column":24}}]},"8":{"line":126,"type":"if","locations":[{"start":{"line":126,"column":12},"end":{"line":126,"column":12}},{"start":{"line":126,"column":12},"end":{"line":126,"column":12}}]},"9":{"line":126,"type":"binary-expr","locations":[{"start":{"line":126,"column":15},"end":{"line":126,"column":22}},{"start":{"line":126,"column":26},"end":{"line":126,"column":46}}]},"10":{"line":127,"type":"if","locations":[{"start":{"line":127,"column":16},"end":{"line":127,"column":16}},{"start":{"line":127,"column":16},"end":{"line":127,"column":16}}]},"11":{"line":134,"type":"if","locations":[{"start":{"line":134,"column":24},"end":{"line":134,"column":24}},{"start":{"line":134,"column":24},"end":{"line":134,"column":24}}]},"12":{"line":149,"type":"binary-expr","locations":[{"start":{"line":149,"column":14},"end":{"line":149,"column":21}},{"start":{"line":149,"column":25},"end":{"line":149,"column":27}}]},"13":{"line":152,"type":"binary-expr","locations":[{"start":{"line":152,"column":19},"end":{"line":152,"column":33}},{"start":{"line":152,"column":37},"end":{"line":152,"column":39}}]},"14":{"line":153,"type":"binary-expr","locations":[{"start":{"line":153,"column":42},"end":{"line":153,"column":54}},{"start":{"line":153,"column":58},"end":{"line":153,"column":60}}]},"15":{"line":170,"type":"if","locations":[{"start":{"line":170,"column":4},"end":{"line":170,"column":4}},{"start":{"line":170,"column":4},"end":{"line":170,"column":4}}]},"16":{"line":172,"type":"if","locations":[{"start":{"line":172,"column":8},"end":{"line":172,"column":8}},{"start":{"line":172,"column":8},"end":{"line":172,"column":8}}]},"17":{"line":176,"type":"cond-expr","locations":[{"start":{"line":176,"column":70},"end":{"line":176,"column":80}},{"start":{"line":176,"column":83},"end":{"line":176,"column":91}}]},"18":{"line":191,"type":"if","locations":[{"start":{"line":191,"column":8},"end":{"line":191,"column":8}},{"start":{"line":191,"column":8},"end":{"line":191,"column":8}}]},"19":{"line":201,"type":"binary-expr","locations":[{"start":{"line":201,"column":19},"end":{"line":201,"column":31}},{"start":{"line":201,"column":35},"end":{"line":201,"column":50}},{"start":{"line":201,"column":54},"end":{"line":201,"column":94}}]},"20":{"line":206,"type":"if","locations":[{"start":{"line":206,"column":8},"end":{"line":206,"column":8}},{"start":{"line":206,"column":8},"end":{"line":206,"column":8}}]},"21":{"line":212,"type":"if","locations":[{"start":{"line":212,"column":12},"end":{"line":212,"column":12}},{"start":{"line":212,"column":12},"end":{"line":212,"column":12}}]},"22":{"line":216,"type":"cond-expr","locations":[{"start":{"line":216,"column":61},"end":{"line":216,"column":67}},{"start":{"line":216,"column":70},"end":{"line":216,"column":79}}]},"23":{"line":216,"type":"cond-expr","locations":[{"start":{"line":216,"column":117},"end":{"line":216,"column":122}},{"start":{"line":216,"column":125},"end":{"line":216,"column":132}}]},"24":{"line":216,"type":"cond-expr","locations":[{"start":{"line":216,"column":206},"end":{"line":216,"column":211}},{"start":{"line":216,"column":214},"end":{"line":216,"column":221}}]},"25":{"line":216,"type":"cond-expr","locations":[{"start":{"line":216,"column":288},"end":{"line":216,"column":290}},{"start":{"line":216,"column":293},"end":{"line":216,"column":296}}]},"26":{"line":216,"type":"cond-expr","locations":[{"start":{"line":216,"column":435},"end":{"line":216,"column":438}},{"start":{"line":216,"column":441},"end":{"line":216,"column":446}}]},"27":{"line":219,"type":"if","locations":[{"start":{"line":219,"column":8},"end":{"line":219,"column":8}},{"start":{"line":219,"column":8},"end":{"line":219,"column":8}}]},"28":{"line":219,"type":"binary-expr","locations":[{"start":{"line":219,"column":12},"end":{"line":219,"column":30}},{"start":{"line":219,"column":34},"end":{"line":219,"column":46}},{"start":{"line":219,"column":50},"end":{"line":219,"column":65}}]},"29":{"line":234,"type":"binary-expr","locations":[{"start":{"line":234,"column":22},"end":{"line":234,"column":37}},{"start":{"line":234,"column":41},"end":{"line":234,"column":59}}]},"30":{"line":236,"type":"if","locations":[{"start":{"line":236,"column":4},"end":{"line":236,"column":4}},{"start":{"line":236,"column":4},"end":{"line":236,"column":4}}]},"31":{"line":236,"type":"binary-expr","locations":[{"start":{"line":236,"column":8},"end":{"line":236,"column":22}},{"start":{"line":236,"column":26},"end":{"line":236,"column":41}}]},"32":{"line":251,"type":"cond-expr","locations":[{"start":{"line":251,"column":28},"end":{"line":251,"column":46}},{"start":{"line":251,"column":49},"end":{"line":251,"column":66}}]},"33":{"line":262,"type":"if","locations":[{"start":{"line":262,"column":4},"end":{"line":262,"column":4}},{"start":{"line":262,"column":4},"end":{"line":262,"column":4}}]},"34":{"line":265,"type":"if","locations":[{"start":{"line":265,"column":9},"end":{"line":265,"column":9}},{"start":{"line":265,"column":9},"end":{"line":265,"column":9}}]},"35":{"line":272,"type":"if","locations":[{"start":{"line":272,"column":8},"end":{"line":272,"column":8}},{"start":{"line":272,"column":8},"end":{"line":272,"column":8}}]},"36":{"line":278,"type":"if","locations":[{"start":{"line":278,"column":8},"end":{"line":278,"column":8}},{"start":{"line":278,"column":8},"end":{"line":278,"column":8}}]},"37":{"line":290,"type":"binary-expr","locations":[{"start":{"line":290,"column":18},"end":{"line":290,"column":22}},{"start":{"line":290,"column":26},"end":{"line":290,"column":28}}]},"38":{"line":293,"type":"if","locations":[{"start":{"line":293,"column":8},"end":{"line":293,"column":8}},{"start":{"line":293,"column":8},"end":{"line":293,"column":8}}]}},"code":["var options = {};","","//","// Dependencies","//","","var async          = require('async');","var cint           = require('cint');","var path           = require('path');","var closestPackage = require('closest-bower');","var _              = require('lodash');","var Promise        = require('bluebird');","var Table          = require('cli-table');","var chalk          = require('chalk');","var fs             = Promise.promisifyAll(require('fs'));","var vm             = require('./versionmanager');","var versionUtil    = require('./version-util');","","//","// Helper functions","//","","function print(message) {","    if (!options.silent) {","        console.log(message);","    }","}","","function createDependencyTable() {","    return new Table({","        colAligns: ['left', 'right', 'right', 'right'],","        chars: {","            'top': '',","            'top-mid': '',","            'top-left': '',","            'top-right': '',","            'bottom': '',","            'bottom-mid': '',","            'bottom-left': '',","            'bottom-right': '',","            'left': '',","            'left-mid': '',","            'mid': '',","            'mid-mid': '',","            'right': '',","            'right-mid': '',","            'middle': ''","        }","    });","}","","var readPackageFile = cint.partialAt(fs.readFileAsync, 1, 'utf8');","var writePackageFile = fs.writeFileAsync;","","//","// Main functions","//","","function upgradePackageDefinitions(currentDependencies) {","    var dependencyList = Object.keys(currentDependencies);","    return vm.getLatestVersions(dependencyList, {","        versionTarget: options.greatest ? 'greatest' : 'latest',","        registry: options.registry ? options.registry : null","    }).then(function (latestVersions) {","        var upgradedDependencies = vm.upgradeDependencies(currentDependencies, latestVersions);","        return [upgradedDependencies, latestVersions];","    });","}","","function analyzeGlobalPackages() {","    return vm.getInstalledPackages()","        .then(function (globalPackages) {","            return upgradePackageDefinitions(globalPackages)","                .spread(function (upgraded, latest) {","                    printUpgrades({","                        current: globalPackages,","                        upgraded: upgraded,","                        latest: latest","                    });","","                });","        });","}","","function analyzeProjectDependencies(pkgData, pkgFile) {","    var pkg = JSON.parse(pkgData);","    var current = vm.getCurrentDependencies(pkg, {","        prod: options.prod,","        dev: options.dev,","        optional: options.optional,","        filter: options.args[0]","    });","","    return Promise.all([","        current,","        // only search for installed dependencies if a pkgFile is specified","        pkgFile ? vm.getInstalledPackages() : Promise.resolve(),","        upgradePackageDefinitions(current)","    ])","        .spread(function (current, installed, upgradedAndLatest) {","            return [current, installed, upgradedAndLatest[0], upgradedAndLatest[1]];","        })","        .spread(function (current, installed, upgraded, latest) {","","        var output, newPkgData;","","        if(options.json) {","            newPkgData = vm.updatePackageData(pkgData, current, upgraded, latest, options);","            output = options.jsonAll ? JSON.parse(newPkgData) :","                options.jsonDeps ? _.pick(JSON.parse(newPkgData), 'dependencies', 'devDependencies', 'optionalDependencies') :","                upgraded;","","            print(output);","            return output;","        }","        else {","            printUpgrades({","                installed: installed,","                current: current,","                upgraded: upgraded,","                latest: latest,","                pkgFile: pkgFile,","                isUpgrade: options.upgrade","            });","","            if(pkgFile && !_.isEmpty(upgraded)) {","                if (options.upgrade) {","                    var newPkgData = vm.updatePackageData(pkgData, current, upgraded, latest, options);","                    writePackageFile(pkgFile, newPkgData)","                        .then(function () {","                            print('Upgraded ' + pkgFile + '\\nUpdate the installed dependencies by running ' + chalk.blue('bower update') + '\\n');","                        });","                }","                        if (options.errorLevel >= 2) {","                            throw new Error('Dependencies not up-to-date');","                        }","                    }","                }","        });","}","","/**"," * @param args.from"," * @param args.to"," * @param options.greatest"," */","function toDependencyTable(args, options) {","","    options = options || {};","    var table = createDependencyTable();","    var rows = Object.keys(args.to).map(function (dep) {","        var from = args.from[dep] || '';","        var to = versionUtil.colorizeDiff(args.to[dep] || '', args.from[dep]);","        return [dep, from, '→', to];","    });","    rows.forEach(function (row) { table.push(row); });","    return table;","}","","/**"," * @param args.current"," * @param args.upgraded"," * @param args.installed (optional)"," * @param args.latest (optional)"," * @param args.pkgFile (optional)"," * @param args.isUpgrade (optional)"," */","function printUpgrades(args) {","    print('');","    if (_.isEmpty(args.upgraded)) {","        var smiley = chalk.yellow(':)');","        if(options.global) {","            print('All global packages are up-to-date ' + smiley);","        }","        else {","            print('All dependencies match the ' + (options.greatest ? 'greatest' : 'latest') + ' package versions ' + smiley);","        }","    } else {","","        // split the deps into satisfied and unsatisfied to display in two separate tables","        var deps = Object.keys(args.upgraded);","        var satisfied = cint.toObject(deps, function (dep) {","          return cint.keyValue(dep, vm.isSatisfied(args.latest[dep], args.current[dep]));","        });","        var isSatisfied = _.propertyOf(satisfied);","        var unsatisfiedUpgraded = cint.filterObject(args.upgraded, cint.not(isSatisfied));","        var numUnsatisfied = Object.keys(unsatisfiedUpgraded).length;","        var satisfiedUpgraded = cint.filterObject(args.upgraded, isSatisfied);","","        // print unsatisfied table","        if (numUnsatisfied > 0) {","            var unsatisfiedTable = toDependencyTable({","                from: args.current,","                to: unsatisfiedUpgraded","            }, { greatest: options.greatest });","            print(unsatisfiedTable.toString());","        }","","        // filter out installed packages that match the latest","        satisfiedUpgraded = cint.filterObject(satisfiedUpgraded, function (dep) {","            return !args.latest || !args.installed || args.latest[dep] !== args.installed[dep];","        });","        var numSatisfied = Object.keys(satisfiedUpgraded).length;","","        // print satisfied table (if any exist)","        if(numSatisfied > 0) {","            var count = Object.keys(satisfiedUpgraded).length;","            var satisfiedTable = toDependencyTable({","                from: args.current,","                to: satisfiedUpgraded","            }, { greatest: options.greatest });","            if (numUnsatisfied > 0) {","                // adding some space between the unsatisfied to the satisfied","                print('');","            }","            print('The following dependenc' + (count === 1 ? 'y is' : 'ies are') + ' satisfied by ' + (count === 1 ? 'its' : 'their') + ' declared version range, but the installed version' + (count === 1 ? ' is' : 's are') + ' behind. You can install the latest version' + (count === 1 ? '' : 's') + ' without modifying your bower.json by using ' + chalk.blue('bower update') + '. If you want to update the dependenc' + (count === 1 ? 'y' : 'ies') + ' in your bower.json anyway, use ' + chalk.blue('bcu --upgradeAll') + '.\\n');","            print(satisfiedTable.toString());","        }","        if (numUnsatisfied > 0 && args.pkgFile && !args.isUpgrade) {","             print('\\nRun with ' + chalk.blue('-u') + ' to upgrade your bower.json');","         }","    }","    print('');","}","","//","// Program","//","","","function programInit() {","","    // 'upgradeAll' is a type of an upgrade so if it's set, we set 'upgrade' as well","    options.upgrade = options.upgrade || options.upgradeAll;","","    if (options.global && options.upgrade) {","        print(\"bower-check-updates cannot update global packages.\");","        print(\"Run 'npm install -g [package]' to upgrade a global package.\");","        process.exit(1);","    }","","    // add shortcut for any keys that start with 'json'","    options.json = _(options)","        .keys()","        .filter(_.partial(_.startsWith, _, 'json', 0))","        .some(_.propertyOf(options));","}","","function programRun() {","    programInit();","    return options.global ? programRunGlobal() : programRunLocal();","}","","function programRunGlobal() {","    return analyzeGlobalPackages();","}","","function programRunLocal() {","","    var pkgData, pkgFile;","","    if(options.packageData) {","        pkgData = Promise.resolve(options.packageData);","    }","    else if(!process.stdin.isTTY) {","        pkgData = require('get-stdin-promise');","        pkgFile = null; // this signals analyzeProjectDependencies to search for installed dependencies and to not print the upgrade message","    }","    else {","        // find the closest descendant package","        pkgFile = closestPackage.sync(process.cwd());","        if (!fs.existsSync(pkgFile)) {","            throw new Error('bower.json not found');","        }","","        // print a message if we are using a descendant bower.json","        var relPathToPackage = path.relative(process.cwd(), pkgFile);","        if (relPathToPackage !== 'bower.json') {","            print('Using ' + relPathToPackage);","        }","","        pkgData = readPackageFile(pkgFile, null, false);","    }","","    return pkgData.then(_.partial(analyzeProjectDependencies, _, pkgFile));","}","","modul
[...]
"                    return version.value();","                }","            });","        })","        .then(function (versions) {","            return cint.toObject(versions, function (version, i) {","                return cint.keyValue(packageList[i], version);","            });","        })","        .then(_.partialRight(_.pick, _.identity))","}","","/**"," * Given a dependencies collection, returns whether the user prefers ^, ~, .*, or .x (simply counts the greatest number of occurences). Returns null if given no dependencies."," */","function getPreferredWildcard(dependencies) {","","    // if there are no dependencies, return null.","    if(Object.keys(dependencies).length === 0) {","        return null;","    }","","    // group the dependencies by wildcard","    var groups = _.groupBy(_.values(dependencies), function(dep) {","        return _.find(versionUtil.WILDCARDS, function(wildcard) {","            return dep.indexOf(wildcard) > -1;","        });","    });","","    // if none of the dependencies use a wildcard, return null","    var usedWildcards = Object.keys(groups);","    if(usedWildcards.length === 1 && usedWildcards[0] === 'undefined') {","        return null;","    }","","    // convert to an array of objects that can be sorted","    var arrOfGroups = cint.toArray(groups, function (wildcard, instances) {","        return {","            wildcard: wildcard,","            instances: instances","        };","    });","","    // reverse sort the groups so that the wildcard with the most appearances is at the head, then return it.","    var sorted = _.sortBy(arrOfGroups, function (wildcardObject) {","        return -wildcardObject.instances.length;","    });","","    return sorted[0].wildcard;","}","","/**"," * Initialize the version manager"," * @returns"," */","function initialize(global) {","","    return npm.loadAsync({silent: true, global: global})","        .then(function () {","            rawPromisify(npm.commands);","            return npmIsInitialized = true;","        });","}","","//","// Helper functions","//","","function escapeRegexp(s) {","    return s.replace(/[-\\/\\\\^$*+?.()|[\\]{}]/g, '\\\\$&'); // Thanks Stack Overflow!","}","","//","// API","//","","module.exports = {","    initialize:                   initialize,","    upgradeDependencyDeclaration: upgradeDependencyDeclaration,","    updatePackageData:            updatePackageData,","    getCurrentDependencies:       getCurrentDependencies,","    upgradeDependencies:          upgradeDependencies,","    getInstalledPackages:         getInstalledPackages,","    getLatestPackageVersion:      getLatestPackageVersion,","    getGreatestPackageVersion:    getGreatestPackageVersion,","    getLatestVersions:            getLatestVersions,","    isUpgradeable:                isUpgradeable,","    isSatisfied:                  isSatisfied,","    getPreferredWildcard:         getPreferredWildcard","}",""],"l":{"1":1,"2":1,"3":1,"4":1,"5":1,"6":1,"7":1,"8":1,"15":1,"16":0,"17":0,"18":0,"19":0,"20":0,"21":0,"22":0,"23":0,"25":0,"31":1,"34":1,"36":1,"41":1,"42":0,"46":1,"47":0,"56":1,"58":0,"59":0,"62":0,"63":0,"68":0,"69":0,"70":0,"75":0,"78":0,"81":0,"88":1,"89":0,"96":0,"97":0,"99":0,"100":0,"104":0,"108":0,"110":0,"111":0,"112":0,"116":0,"127":1,"130":0,"131":0,"135":0,"138":0,"142":0,"143":0,"153":1,"157":0,"158":0,"162":0,"167":0,"173":1,"179":1,"181":0,"184":0,"185":0,"187":0,"189":0,"190":0,"191":0,"195":0,"196":0,"200":0,"201":0,"204":0,"205":0,"208":0,"212":0,"223":1,"225":0,"226":0,"228":0,"229":0,"230":0,"231":0,"232":0,"236":0,"247":1,"249":0,"250":0,"252":0,"253":0,"256":0,"262":0,"265":1,"266":0,"268":0,"269":0,"270":0,"273":0,"274":0,"275":0,"276":0,"280":0,"290":1,"291":0,"292":0,"295":0,"297":0,"306":1,"307":1,"309":1,"310":0,"319":1,"321":0,"324":0,"325":0,"329":0,"332":0,"334":0,"335":0,"337":0,"338":0,"340":0,"341":0,"346":0,"349":0,"350":0,"351":0,"352":0,"353":0,"356":0,"360":0,"365":0,"366":0,"375":1,"378":0,"379":0,"383":0,"384":0,"385":0,"390":0,"391":0,"392":0,"396":0,"397":0,"404":0,"405":0,"408":0,"415":1,"417":0,"419":0,"420":0,"428":1,"429":0,"436":1}},"/home/travis/build/npmtest/node-npmtest-bower-check-updates/node_modules/bower-check-updates/lib/version-util.js":{"path":"/home/travis/build/npmtest/node-npmtest-bower-check-updates/node_modules/bower-check-updates/lib/version-util.js","s":{"1":1,"2":1,"3":1,"4":1,"5":1,"6":1,"7":1,"8":1,"9":1,"10":1,"11":1,"12":1,"13":0,"14":0,"15":0,"16":0,"17":1,"18":0,"19":0,"20":0,"21":0,"22":0,"23":0,"24":0,"25":0,"26":1,"27":0,"28":0,"29":0,"30":0,"31":1,"32":0,"33":0,"34":1,"35":0,"36":0,"37":1,"38":0,"39":1,"40":0,"41":1,"42":0,"43":1,"44":0,"45":0,"46":0,"47":0,"48":0,"49":0,"50":0,"51":0,"52":0,"53":0,"54":0,"55":0,"56":0,"57":0,"58":1},"b":{"1":[0,0],"2":[0,0],"3":[0,0],"4":[0,0],"5":[0,0],"6":[0,0],"7":[0,0],"8":[0,0],"9":[0,0],"10":[0,0],"11":[0,0],"12":[0,0],"13":[0,0],"14":[0,0],"15":[0,0],"16":[0,0],"17":[0,0],"18":[0,0],"19":[0,0],"20":[0,0]},"f":{"1":0,"2":0,"3":0,"4":0,"5":0,"6":0,"7":0,"8":0,"9":0,"10":0,"11":0,"12":0},"fnMap":{"1":{"name":"numParts","line":23,"loc":{"start":{"line":23,"column":0},"end":{"line":23,"column":27}}},"2":{"name":"precisionAdd","line":37,"loc":{"start":{"line":37,"column":0},"end":{"line":37,"column":36}}},"3":{"name":"stringify","line":57,"loc":{"start":{"line":57,"column":0},"end":{"line":57,"column":38}}},"4":{"name":"(anonymous_4)","line":65,"loc":{"start":{"line":65,"column":16},"end":{"line":65,"column":31}}},"5":{"name":"(anonymous_5)","line":68,"loc":{"start":{"line":68,"column":13},"end":{"line":68,"column":28}}},"6":{"name":"getPrecision","line":77,"loc":{"start":{"line":77,"column":0},"end":{"line":77,"column":31}}},"7":{"name":"setPrecision","line":86,"loc":{"start":{"line":86,"column":0},"end":{"line":86,"column":42}}},"8":{"name":"addWildCard","line":92,"loc":{"start":{"line":92,"column":0},"end":{"line":92,"column":40}}},"9":{"name":"isWildCard","line":99,"loc":{"start":{"line":99,"column":0},"end":{"line":99,"column":29}}},"10":{"name":"isWildPart","line":104,"loc":{"start":{"line":104,"column":0},"end":{"line":104,"column":33}}},"11":{"name":"colorizeDiff","line":111,"loc":{"start":{"line":111,"column":0},"end":{"line":111,"column":57}}},"12":{"name":"(anonymous_12)","line":128,"loc":{"start":{"line":128,"column":38},"end":{"line":128,"column":57}}}},"statementMap":{"1":{"start":{"line":1,"column":0},"end":{"line":1,"column":42}},"2":{"start":{"line":2,"column":0},"end":{"line":2,"column":26}},"3":{"start":{"line":3,"column":0},"end":{"line":3,"column":29}},"4":{"start":{"line":4,"column":0},"end":{"line":4,"column":27}},"5":{"start":{"line":6,"column":0},"end":{"line":6,"column":53}},"6":{"start":{"line":7,"column":0},"end":{"line":7,"column":47}},"7":{"start":{"line":8,"column":0},"end":{"line":8,"column":71}},"8":{"start":{"line":9,"column":0},"end":{"line":15,"column":2}},"9":{"start":{"line":16,"column":0},"end":{"line":16,"column":39}},"10":{"start":{"line":17,"column":0},"end":{"line":17,"column":37}},"11":{"start":{"line":18,"column":0},"end":{"line":18,"column":96}},"12":{"start":{"line":23,"column":0},"end":{"line":32,"column":1}},"13":{"start":{"line":25,"column":4},"end":{"line":25,"column":52}},"14":{"start":{"line":27,"column":4},"end":{"line":29,"column":5}},"15":{"start":{"line":28,"column":8},"end":{"line":28,"column":260}},"16":{"start":{"line":31,"column":4},"end":{"line":31,"column":69}},"17":{"start":{"line":37,"column":0},"end":{"line":54,"column":1}},"18":{"start":{"line":39,"column":4},"end":{"line":39,"column":37}},"19":{"start":{"line":39,"column":18},"end":{"line":39,"column":35}},"20":{"start":{"line":41,"column":4},"end":{"line":44,"column":13}},"21":{"start":{"line":46,"column":4},"end":{"line":51,"column":5}},"22":{"start":{"line":47,"column":8},"end":{"line":47,"column":59}},"23":{"start":{"line":49,"column":9},"end":{"line":51,"column":5}},"24":{"start":{"line":50,"column":8},"end":{"line":50,"column":62}},"25":{"start":{"line":53,"column":4},"end":{"line":53,"column":32}},"26":{"start":{"line":57,"column":0},"end":{"line":72,"column":1}},"27":{"start":{"line":61,"column":4},"end":{"line":61,"column":103}},"28":{"start":{"line":64,"column":4},"end":{"line":71,"column":18}},"29":{"start":{"line":66,"column":12},"end":{"line":66,"column":77}},"30":{"start":{"line":69,"column":12},"end":{"line":69,"column":68}},"31":{"start":{"line":77,"column":0},"end":{"line":81,"column":1}},"32":{"start":{"line":78,"column":4},"end":{"line":78,"column":52}},"33":{"start":{"line":80,"column":4},"end":{"line":80,"column":73}},"34":{"start":{"line":86,"column":0},"end":{"line":89,"column":1}},"35":{"start":{"line":87,"column":4},"end":{"line":87,"column":52}},"36":{"start":{"line":88,"column":4},"end":{"line":88,"column":40}},"37":{"start":{"line":92,"column":0},"end":{"line":96,"column":1}},"38":{"start":{"line":93,"column":4},"end":{"line":95,"column":50}},"39":{"start":{"line":99,"column":0},"end":{"line":101,"column":1}},"40":{"start":{"line":100,"column":4},"end":{"line":100,"column":45}},"41":{"start":{"line":104,"column":0},"end":{"line":106,"column":1}},"42":{"start":{"line":105,"column":4},"end":{"line":105,"column":54}},"43":{"start":{"line":111,"column":0},"end":{"line":140,"column":1}},"44":{"start":{"line":113,"column":4},"end":{"line":113,"column":32}},"45":{"start":{"line":114,"column":4},"end":{"line":114,"column":45}},"46":{"start":{"line":115,"column":4},"end":{"line":115,"column":29}},"47":{"start":{"line":118,"column":4},"end":{"line":122,"column":5}},"48":{"start":{"line":119,"column":8},"end":{"line":119,"column":40}},"49":{"start":{"line":120,"column":8},"end":{"line":120,"column":41}},"50":{"start":{"line":121,"column":8},"end":{"line":121,"column":45}},"51":{"start":{"line":125,"column":4},"end":{"line":125,"column":45}},"52":{"start":{"line":126,"column":4},"end":{"line":126,"column":49}},"53":{"start":{"line":128,"column":4},"end":{"line":130,"column":7}},"54":{"start":{"line":129,"column":6},"end":{"line":129,"column":40}},"55":{"start":{"line":131,"column":4},"end":{"line":131,"column":41}},"56":{"start":{"line":134,"column":4},"end":{"line":134,"column":61}},"57":{"start":{"line":136,"column":4},"end":{"line":139,"column":62}},"58":{"start":{"line":142,"column":0},"end":{"line":156,"column":2}}},"branchMap":{"1":{"line":27,"type":"if","locations":[{"start":{"line":27,"column":4},"end":{"line":27,"column":4}},{"start":{"line":27,"column":4},"end":{"line":27,"column":4}}]},"2":{"line":39,"type":"if","locations":[{"start":{"line":39,"column":4},"end":{"line":39,"column":4}},{"start":{"line":39,"column":4},"end":{"line":39,"column":4}}]},"3":{"line":41,"type":"cond-expr","locations":[{"start":{"line":41,"column":26},"end":{"line":41,"column":35}},{"start":{"line":42,"column":8},"end":{"line":44,"column":12}}]},"4":{"line":42,"type":"cond-expr","locations":[{"start":{"line":42,"column":52},"end":{"line":42,"column":93}},{"start":{"line":43,"column":8},"end":{"line":44,"column":12}}]},"5":{"line":43,"type":"cond-expr","locations":[{"start":{"line":43,"column":53},"end":{"line":43,"column":82}},{"start":{"line":44,"column":8},"end":{"line":44,"column":12}}]},"6":{"line":46,"type":"if","locations":[{"start":{"line":46,"column":4},"end":{"line":46,"column":4}},{"start":{"line":46,"column":4},"end":{"line":46,"column":4}}]},"7":{"line":49,"type":"if","locations":[{"start":{"line":49,"column":9},"end":{"line":49,"column":9}},{"start":{"line":49,"column":9},"end":{"line":49,"column":9}}]},"8":{"line":61,"type":"cond-expr","locations":[{"start":{"line":61,"column":28},"end":{"line":61,"column":86}},{"start":{"line":61,"column":89},"end":{"line":61,"column":102}}]},"9":{"line":66,"type":"binary-expr","locations":[{"start":{"line":66,"column":19},"end":{"line":66,"column":60}},{"start":{"line":66,"column":64},"end":{"line":66,"column":76}}]},"10":{"line":69,"type":"binary-expr","locations":[{"start":{"line":69,"column":47},"end":{"line":69,"column":59}},{"start":{"line":69,"column":63},"end":{"line":69,"column":66}}]},"11":{"line":93,"type":"cond-expr","locations":[{"start":{"line":94,"column":8},"end":{"line":94,"column":26}},{"start":{"line":95,"column":8},"end":{"line":95,"column":49}}]},"12":{"line":93,"type":"binary-expr","locations":[{"start":{"line":93,"column":11},"end":{"line":93,"column":27}},{"start":{"line":93,"column":31},"end":{"line":93,"column":47}}]},"13":{"line":105,"type":"binary-expr","locations":[{"start":{"line":105,"column":11},"end":{"line":105,"column":30}},{"start":{"line":105,"column":34},"end":{"line":105,"column":53}}]},"14":{"line":113,"type":"binary-expr","locations":[{"start":{"line":113,"column":18},"end":{"line":113,"column":25}},{"start":{"line":113,"column":29},"end":{"line":113,"column":31}}]},"15":{"line":114,"type":"binary-expr","locations":[{"start":{"line":114,"column":20},"end":{"line":114,"column":33}},{"start":{"line":114,"column":37},"end":{"line":114,"column":44}}]},"16":{"line":118,"type":"if","locations":[{"start":{"line":118,"column":4},"end":{"line":118,"column":4}},{"start":{"line":118,"column":4},"end":{"line":118,"column":4}}]},"17":{"line":118,"type":"binary-expr","locations":[{"start":{"line":118,"column":7},"end":{"line":118,"column":31}},{"start":{"line":118,"column":35},"end":{"line":118,"column":68}}]},"18":{"line":131,"type":"cond-expr","locations":[{"start":{"line":131,"column":17},"end":{"line":131,"column":18}},{"start":{"line":131,"column":21},"end":{"line":131,"column":40}}]},"19":{"line":134,"type":"cond-expr","locations":[{"start":{"line":134,"column":52},"end":{"line":134,"column":55}},{"start":{"line":134,"column":58},"end":{"line":134,"column":60}}]},"20":{"line":134,"type":"binary-expr","locations":[{"start":{"line":134,"column":17},"end":{"line":134,"column":22}},{"start":{"line":134,"column":26},"end":{"line":134,"column":49}}]}},"code":["var semverutils = require('semver-utils');","var _ = require('lodash');","var chalk = require('chalk');","var util = require('util');","","var VERSION_BASE_PARTS = ['major', 'minor', 'patch'];","var VERSION_ADDED_PARTS = ['release', 'build'];","var VERSION_PARTS = [].concat(VERSION_BASE_PARTS, VERSION_ADDED_PARTS);","var VERSION_PART_DELIM = {","    major : '',","    minor : '.',","    patch : '.',","    release : '-',","    build : '+'","};","var WILDCARDS = ['^', '~', '.*', '.x'];","var WILDCARDS_PURE = ['^', '~', '*'];","var WILDCARD_PURE_REGEX = new RegExp('^[' + WILDCARDS_PURE.join('').replace('^', '\\\\^') + ']$');","","/**"," * Returns the number of parts in the version"," */","function numParts(version) {","","    var semver = semverutils.parseRange(version)[0];","","    if(!semver) {","        throw new Error(util.format('semverutils.parseRange returned null when trying to parse \"%s\". This is probably a problem with the \"semver-utils\" dependency. Please report an issue at https://github.com/se-panfilov/bower-check-updates/issues.', version))","    }","","    return _.intersection(VERSION_PARTS, Object.keys(semver)).length;","}","","/**"," * Increases or decreases the given precision by the given amount, e.g. major+1 -> minor"," */","function precisionAdd(precision, n) {","","    if(n === 0) { return precision; }","","    var index = n === 0 ? precision :","        _.contains(VERSION_BASE_PARTS, precision) ? VERSION_BASE_PARTS.indexOf(precision) + n :","        _.contains(VERSION_ADDED_PARTS, precision) ? VERSION_BASE_PARTS.length + n :","        null;","","    if(index === null) {","        throw new Error('Invalid precision: ' + precision);","    }","    else if(!VERSION_PARTS[index]) {","        throw new Error('Invalid precision math' + arguments);","    }","","    return VERSION_PARTS[index];","}","","/** Joins the major, minor, patch, release, and build parts (controlled by an optional precision arg) of a semver object into a dot-delimited string. */","function stringify(semver, precision) {","","    // get a list of the parts up until (and including) the given precision","    // or all of them, if no precision is specified","    var parts = precision ? VERSION_PARTS.slice(0, VERSION_PARTS.indexOf(precision)+1) : VERSION_PARTS;","","    // pair each part with its delimiter and join together","    return parts","        .filter(function(part) {","            return _.contains(VERSION_BASE_PARTS, precision) || semver[part];","        })","        .map(function(part) {","            return VERSION_PART_DELIM[part] + (semver[part] || '0');","        })","        .join('');","}","","/**"," * Gets how precise this version number is (major, minor, patch, release, or build)"," */","function getPrecision(version) {","    var semver = semverutils.parseRange(version)[0];","    // expects VERSION_PARTS to be in correct order","    return _.find(VERSION_PARTS.slice().reverse(), _.propertyOf(semver));","}","","/**"," * Sets the precision of a (loose) semver to the specified level: major, minor, etc."," */","function setPrecision(version, precision) {","    var semver = semverutils.parseRange(version)[0];","    return stringify(semver, precision);","}","","/** Adds a given wildcard (^,~,.*,.x) to a version number. Adds ^ and ~ to the beginning. Replaces everything after the major version number with .* or .x */","function addWildCard(version, wildcard) {","    return wildcard === '^' || wildcard === '~' ?","        wildcard + version :","        setPrecision(version, 'major') + wildcard;","}","","/** Returns true if the given string is one of the wild cards. */","function isWildCard(version) {","    return WILDCARD_PURE_REGEX.test(version);","}","","/** Returns true if the given digit is a wildcard for a part of a version. */","function isWildPart(versionPart) {","    return versionPart === '*' || versionPart === 'x';","}","","/**"," * Colorize the parts of a version string that are different than a given string to compare to. Assumes that the two verson strings are in the same format."," */","function colorizeDiff(strToColor, strToCompare, options) {","","    var options = options || {};","    options.color = options.color || 'green';","    var leadingWildcard = '';","","    // separate out leading ^ or ~","    if(/^[~^]/.test(strToColor) && strToColor[0] === strToCompare[0]) {","        leadingWildcard = strToColor[0];","        strToColor = strToColor.slice(1);","        strToCompare = strToCompare.slice(1);","    }","","    // split into parts","    var partsToColor = strToColor.split('.');","    var partsToCompare = strToCompare.split('.');","","    var i = _.findIndex(partsToColor, function (part, i) {","      return part !== partsToCompare[i];","    });","    i = i >= 0 ? i : partsToColor.length;","","    // if we are colorizing only part of the word, add a dot in the middle","    var middot = i > 0 && i < partsToColor.length ? '.' : '';","","    return leadingWildcard +","        partsToColor.slice(0,i).join('.') +","        middot +","        chalk[options.color](partsToColor.slice(i).join('.'));","}","","module.exports = {","    numParts:            numParts,","    stringify:           stringify,","    precisionAdd:        precisionAdd,","    getPrecision:        getPrecision,","    setPrecision:        setPrecision,","    addWildCard:         addWildCard,","    isWildCard:          isWildCard,","    isWildPart:          isWildPart,","    colorizeDiff:        colorizeDiff,","    VERSION_BASE_PARTS:  VERSION_BASE_PARTS,","    VERSION_ADDED_PARTS: VERSION_ADDED_PARTS,","    VERSION_PARTS:       VERSION_PARTS,","    WILDCARDS:           WILDCARDS","};",""],"l":{"1":1,"2":1,"3":1,"4":1,"6":1,"7":1,"8":1,"9":1,"16":1,"17":1,"18":1,"23":1,"25":0,"27":0,"28":0,"31":0,"37":1,"39":0,"41":0,"46":0,"47":0,"49":0,"50":0,"53":0,"57":1,"61":0,"64":0,"66":0,"69":0,"77":1,"78":0,"80":0,"86":1,"87":0,"88":0,"92":1,"93":0,"99":1,"100":0,"104":1,"105":0,"111":1,"113":0,"114":0,"115":0,"118":0,"119":0,"120":0,"121":0,"125":0,"126":0,"128":0,"129":0,"131":0,"134":0,"136":0,"142":1}}}